\BOOKMARK [0][-]{section*.1}{Contents}{}% 1
\BOOKMARK [0][-]{chapter.1}{Details of the Model behind the Personalized Survey}{}% 2
\BOOKMARK [1][-]{section.1.1}{User Profiling}{chapter.1}% 3
\BOOKMARK [2][-]{subsection.1.1.1}{Personal Information}{section.1.1}% 4
\BOOKMARK [2][-]{subsection.1.1.2}{Ranking the parameters that affect data sharing}{section.1.1}% 5
\BOOKMARK [2][-]{subsection.1.1.3}{Ranking the various Sensors}{section.1.1}% 6
\BOOKMARK [2][-]{subsection.1.1.4}{Ranking the various Buyers }{section.1.1}% 7
\BOOKMARK [2][-]{subsection.1.1.5}{Categorize the various Contexts}{section.1.1}% 8
\BOOKMARK [1][-]{section.1.2}{Characterization of the model}{chapter.1}% 9
\BOOKMARK [2][-]{subsection.1.2.1}{Forming the questions}{section.1.2}% 10
\BOOKMARK [2][-]{subsection.1.2.2}{Formulating the Weight Matrix}{section.1.2}% 11
\BOOKMARK [2][-]{subsection.1.2.3}{Calculating Weights for Parameters}{section.1.2}% 12
\BOOKMARK [2][-]{subsection.1.2.4}{Calculating Weights of various Sensors}{section.1.2}% 13
\BOOKMARK [2][-]{subsection.1.2.5}{Calculating Weights of various Buyers}{section.1.2}% 14
\BOOKMARK [2][-]{subsection.1.2.6}{Calculating Weights of various Contexts}{section.1.2}% 15
\BOOKMARK [2][-]{subsection.1.2.7}{Calculating the Weights of each questions}{section.1.2}% 16
\BOOKMARK [1][-]{section.1.3}{Personalized Survey Explained}{chapter.1}% 17
\BOOKMARK [2][-]{subsection.1.3.1}{Profiling Questioning}{section.1.3}% 18
\BOOKMARK [2][-]{subsection.1.3.2}{The Preliminary Questioning}{section.1.3}% 19
\BOOKMARK [2][-]{subsection.1.3.3}{The Actual Questioning}{section.1.3}% 20
\BOOKMARK [2][-]{subsection.1.3.4}{Some Definitions}{section.1.3}% 21
\BOOKMARK [2][-]{subsection.1.3.5}{Details on Question's Options}{section.1.3}% 22
\BOOKMARK [2][-]{subsection.1.3.6}{Question Incentives}{section.1.3}% 23
\BOOKMARK [2][-]{subsection.1.3.7}{Option Incentives}{section.1.3}% 24
\BOOKMARK [2][-]{subsection.1.3.8}{How Total Credits and Total Privacy Percentage Works}{section.1.3}% 25
\BOOKMARK [0][-]{section*.3}{Bibliography}{}% 26
