This is pdfTeX, Version 3.14159265-2.6-1.40.16 (TeX Live 2015) (preloaded format=pdflatex 2015.12.23)  20 AUG 2016 14:02
entering extended mode
 restricted \write18 enabled.
 %&-line parsing enabled.
**thesis.tex
(./thesis.tex
LaTeX2e <2015/01/01>
Babel <3.9l> and hyphenation patterns for 79 languages loaded.
(/usr/local/texlive/2015/texmf-dist/tex/latex/memoir/memoir.cls
Document Class: memoir 2015/04/23 v3.7d configurable book, report, article docu
ment class
\onelineskip=\skip41
\lxvchars=\skip42
\xlvchars=\skip43
\@memcnta=\count79
\c@@memmarkcntra=\count80
(/usr/local/texlive/2015/texmf-dist/tex/generic/oberdiek/ifpdf.sty
Package: ifpdf 2011/01/30 v2.3 Provides the ifpdf switch (HO)
Package ifpdf Info: pdfTeX in PDF mode is detected.
)
(/usr/local/texlive/2015/texmf-dist/tex/latex/ifetex/ifetex.sty
Package: ifetex 2011/12/15 v1.2 ifetex

(/usr/local/texlive/2015/texmf-dist/tex/plain/ifetex/ifetex.tex))
(/usr/local/texlive/2015/texmf-dist/tex/generic/ifxetex/ifxetex.sty
Package: ifxetex 2010/09/12 v0.6 Provides ifxetex conditional
)
(/usr/local/texlive/2015/texmf-dist/tex/generic/oberdiek/ifluatex.sty
Package: ifluatex 2010/03/01 v1.3 Provides the ifluatex switch (HO)
Package ifluatex Info: LuaTeX not detected.
)
\stockheight=\skip44
\stockwidth=\skip45
\trimtop=\skip46
\trimedge=\skip47

(/usr/local/texlive/2015/texmf-dist/tex/latex/etex-pkg/etex.sty
Package: etex 2015/03/02 v2.1 eTeX basic definition package (PEB,DPC)
\et@xins=\count81
)
(/usr/local/texlive/2015/texmf-dist/tex/latex/memoir/mem11.clo
File: mem11.clo 2008/01/30 v0.3 memoir class 11pt size option
)
\binding=\skip48
\spinemargin=\skip49
\foremargin=\skip50
\uppermargin=\skip51
\lowermargin=\skip52
\headdrop=\skip53
\normalrulethickness=\skip54
\mem@maxheadheight=\skip55
\mem@maxfootheight=\skip56
\headwidth=\skip57
\c@storedpagenumber=\count82
\memPD=\dimen102
\m@mabparskip=\skip58
\thanksmarkwidth=\skip59
\thanksmarksep=\skip60
\droptitle=\skip61
\c@book=\count83
\c@part=\count84
\c@chapter=\count85
\c@section=\count86
\c@subsection=\count87
\c@subsubsection=\count88
\c@paragraph=\count89
\c@subparagraph=\count90
\beforechapskip=\skip62
\midchapskip=\skip63
\afterchapskip=\skip64
\chapindent=\skip65
\bottomsectionskip=\skip66
\secindent=\skip67
\beforesecskip=\skip68
\aftersecskip=\skip69
\subsecindent=\skip70
\beforesubsecskip=\skip71
\aftersubsecskip=\skip72
\subsubsecindent=\skip73
\beforesubsubsecskip=\skip74
\aftersubsubsecskip=\skip75
\paraindent=\skip76
\beforeparaskip=\skip77
\afterparaskip=\skip78
\subparaindent=\skip79
\beforesubparaskip=\skip80
\aftersubparaskip=\skip81
\pfbreakskip=\skip82
\c@@ppsavesec=\count91
\c@@ppsaveapp=\count92
\ragrparindent=\dimen103
\everylistparindent=\dimen104
\parsepi=\skip83
\topsepi=\skip84
\itemsepi=\skip85
\parsepii=\skip86
\topsepii=\skip87
\topsepiii=\skip88
\itemsepii=\skip89
\itemsepiii=\skip90
\partopsepii=\skip91
\partopsepiii=\skip92
\m@msavetopsep=\skip93
\m@msavepartopsep=\skip94
\@enLab=\toks14
\abstitleskip=\skip95
\absleftindent=\skip96
\abs@leftindent=\dimen105
\absrightindent=\skip97
\absparindent=\skip98
\absparsep=\skip99
\c@vslineno=\count93
\c@poemline=\count94
\c@modulo@vs=\count95
\c@memfvsline=\count96
\vleftskip=\skip100
\vrightskip=\skip101
\stanzaskip=\skip102
\versewidth=\skip103
\vgap=\skip104
\vindent=\skip105
\vleftmargin=\dimen106
\c@verse=\count97
\c@chrsinstr=\count98
\beforepoemtitleskip=\skip106
\afterpoemtitleskip=\skip107
\c@poem=\count99
\beforePoemTitleskip=\skip108
\midPoemTitleskip=\skip109
\afterPoemTitleskip=\skip110
\col@sep=\dimen107
\extrarowheight=\dimen108
\NC@list=\toks15
\extratabsurround=\skip111
\backup@length=\skip112
\TX@col@width=\dimen109
\TX@old@table=\dimen110
\TX@old@col=\dimen111
\TX@target=\dimen112
\TX@delta=\dimen113
\TX@cols=\count100
\TX@ftn=\toks16
\heavyrulewidth=\dimen114
\lightrulewidth=\dimen115
\cmidrulewidth=\dimen116
\belowrulesep=\dimen117
\belowbottomsep=\dimen118
\aboverulesep=\dimen119
\abovetopsep=\dimen120
\cmidrulesep=\dimen121
\cmidrulekern=\dimen122
\defaultaddspace=\dimen123
\@cmidla=\count101
\@cmidlb=\count102
\@aboverulesep=\dimen124
\@belowrulesep=\dimen125
\@thisruleclass=\count103
\@lastruleclass=\count104
\@thisrulewidth=\dimen126
\ctableftskip=\skip113
\ctabrightskip=\skip114
\abovecolumnspenalty=\count105
\@linestogo=\count106
\@cellstogo=\count107
\@cellsincolumn=\count108
\crtok=\toks17
\@mincolumnwidth=\dimen127
\c@newflo@tctr=\count109
\mem@margin@floatbox=\box26
\@contcwidth=\skip115
\@contindw=\skip116
\abovecaptionskip=\skip117
\belowcaptionskip=\skip118
\subfloattopskip=\skip119
\subfloatcapskip=\skip120
\subfloatcaptopadj=\skip121
\subfloatbottomskip=\skip122
\subfloatlabelskip=\skip123
\subfloatcapmargin=\dimen128
\c@@contsubnum=\count110
\m@mscap@capbox=\box27
\m@mscap@fbox=\box28
\sidecapsep=\dimen129
\sidecapwidth=\dimen130
\m@m@tempdima=\dimen131
\m@mscapraise=\dimen132
\sidecapraise=\dimen133
\m@mscapmainwidth=\dimen134
\m@mscaplkern=\dimen135
\beforeepigraphskip=\skip124
\afterepigraphskip=\skip125
\epigraphwidth=\skip126
\epigraphrule=\skip127
LaTeX Info: Redefining \em on input line 7533.
LaTeX Info: Redefining \emph on input line 7541.
\tocentryskip=\skip128
\tocbaseline=\skip129
\cftparskip=\skip130
\cftbeforebookskip=\skip131
\cftbookindent=\dimen136
\cftbooknumwidth=\dimen137
\cftbeforepartskip=\skip132
\cftpartindent=\skip133
\cftpartnumwidth=\skip134
\cftbeforechapterskip=\skip135
\cftchapterindent=\skip136
\cftchapternumwidth=\skip137
\cftbeforesectionskip=\skip138
\cftsectionindent=\skip139
\cftsectionnumwidth=\skip140
\cftbeforesubsectionskip=\skip141
\cftsubsectionindent=\skip142
\cftsubsectionnumwidth=\skip143
\cftbeforesubsubsectionskip=\skip144
\cftsubsubsectionindent=\skip145
\cftsubsubsectionnumwidth=\skip146
\cftbeforeparagraphskip=\skip147
\cftparagraphindent=\skip148
\cftparagraphnumwidth=\skip149
\cftbeforesubparagraphskip=\skip150
\cftsubparagraphindent=\skip151
\cftsubparagraphnumwidth=\skip152
\prechapterprecisshift=\dimen138
\c@maxsecnumdepth=\count111
\bibindent=\dimen139
\bibitemsep=\skip153
\indexcolsep=\skip154
\indexrule=\skip155
\indexmarkstyle=\toks18
\@indexbox=\insert233
\glossarycolsep=\dimen140
\glossaryrule=\dimen141
\sideparvshift=\skip156
\sideins=\insert232
\sidebartopsep=\skip157
\sidebarhsep=\skip158
\sidebarvsep=\skip159
\sidebarwidth=\skip160
\footmarkwidth=\skip161
\footmarksep=\skip162
\footparindent=\skip163
\footinsdim=\skip164
\footinsv@r=\insert231
\@mpfootinsv@r=\insert230
\m@m@k=\count112
\m@m@h=\dimen142
\m@mipn@skip=\skip165
\sidefootins=\insert229
\sidefootadjust=\skip166
\sidefootheight=\skip167
\sidefoothsep=\skip168
\sidefootvsep=\skip169
\sidefootwidth=\skip170
\m@mdownsf=\skip171
\c@sidefootnote=\count113
\sidefootmarkwidth=\skip172
\sidefootmarksep=\skip173
\sidefootparindent=\skip174
\c@pagenote=\count114
\c@pagenoteshadow=\count115
\mem@pn@lastkern=\skip175
\every@verbatim=\toks19
\afterevery@verbatim=\toks20
\verbatim@line=\toks21
\tab@position=\count116
\verbatim@in@stream=\read1
\verbatimindent=\skip176
\verbatim@out=\write3
\bvboxsep=\skip177
\c@memfbvline=\count117
\c@bvlinectr=\count118
\bvnumlength=\skip178
\fb@frw=\dimen143
\fb@frh=\dimen144
\FrameRule=\dimen145
\FrameSep=\dimen146
\c@cp@cntr=\count119
LaTeX Info: Redefining \: on input line 12050.
LaTeX Info: Redefining \! on input line 12052.
\c@ism@mctr=\count120
\c@xsm@mctr=\count121
\c@csm@mctr=\count122
\c@ksm@mctr=\count123
\c@xksm@mctr=\count124
\c@cksm@mctr=\count125
\c@msm@mctr=\count126
\c@xmsm@mctr=\count127
\c@cmsm@mctr=\count128
\c@bsm@mctr=\count129
\c@workm@mctr=\count130
\c@sheetsequence=\count131
\c@lastsheet=\count132
\c@lastpage=\count133
\c@figure=\count134
\c@lofdepth=\count135
\cftbeforefigureskip=\skip179
\cftfigureindent=\skip180
\cftfigurenumwidth=\skip181
\c@table=\count136
\c@lotdepth=\count137
\cftbeforetableskip=\skip182
\cfttableindent=\skip183
\cfttablenumwidth=\skip184
Package abstract [2008/07/23] emulated by memoir.
Package appendix [2008/07/23] emulated by memoir.
Package array [2008/09/09] emulated by memoir.
Package booktabs [2008/07/23] emulated by memoir.
Package ccaption [2008/07/23] emulated by memoir.
Package changepage [2008/07/23] emulated by memoir.
Package chngcntr [2008/07/23] emulated by memoir.
Package chngpage [2008/07/23] emulated by memoir.
Package crop emulated by memoir.
Package dcolumn [2008/07/23] emulated by memoir.
Package delarray [2008/07/23] emulated by memoir.
Package enumerate [2008/07/23] emulated by memoir.
Package epigraph [2008/07/23] emulated by memoir.
Package ifmtarg [2008/07/23] emulated by memoir.
Package index [2008/07/23] emulated by memoir.
Package makeidx [2008/07/23] emulated by memoir.
Package moreverb [2008/07/23] emulated by memoir.
Package mparhack [2008/07/23] emulated by memoir.
Package needspace [2008/07/23] emulated by memoir.
Package newfile [2008/07/23] emulated by memoir.
Package nextpage [2008/07/23] emulated by memoir.
Package pagenote [2008/07/23] emulated by memoir.
Package parskip [2008/07/23] emulated by memoir.
Package patchcmd [2008/07/23] emulated by memoir.
Package setspace [2008/07/23] emulated by memoir.
Package shortvrb [2008/07/23] emulated by memoir.
Package showidx [2008/07/23] emulated by memoir.
Package tabularx [2008/07/23] emulated by memoir.
Package titleref [2008/07/23] emulated by memoir.
Package titling [2008/07/23] emulated by memoir.
Package tocbibind [2008/07/23] emulated by memoir.
Package tocloft [2008/07/23] emulated by memoir.
Package tocvsec2 [2008/07/23] emulated by memoir.
Package verbatim [2008/07/23] emulated by memoir.
Package verse [2008/07/23] emulated by memoir.

(/usr/local/texlive/2015/texmf-dist/tex/latex/memoir/mempatch.sty
Package: mempatch 2009/07/24 v6.0f Patches for memoir class v1.6180339
))
(/usr/local/texlive/2015/texmf-dist/tex/latex/base/fontenc.sty
Package: fontenc 2005/09/27 v1.99g Standard LaTeX package

(/usr/local/texlive/2015/texmf-dist/tex/latex/base/ot1enc.def
File: ot1enc.def 2005/09/27 v1.99g Standard LaTeX file
LaTeX Font Info:    Redeclaring font encoding OT1 on input line 48.
))
(/usr/local/texlive/2015/texmf-dist/tex/generic/babel/babel.sty
Package: babel 2014/09/25 3.9l The Babel package

(/usr/local/texlive/2015/texmf-dist/tex/generic/babel-english/english.ldf
Language: english 2012/08/20 v3.3p English support from the babel system

(/usr/local/texlive/2015/texmf-dist/tex/generic/babel/babel.def
File: babel.def 2014/09/25 3.9l Babel common definitions
\babel@savecnt=\count138
\U@D=\dimen147
)
\l@canadian = a dialect from \language\l@american 
\l@australian = a dialect from \language\l@british 
\l@newzealand = a dialect from \language\l@british 
))
(/usr/local/texlive/2015/texmf-dist/tex/latex/base/inputenc.sty
Package: inputenc 2015/03/17 v1.2c Input encoding file
\inpenc@prehook=\toks22
\inpenc@posthook=\toks23

(/usr/local/texlive/2015/texmf-dist/tex/latex/base/utf8.def
File: utf8.def 2014/09/29 v1.1m UTF-8 support for inputenc
Now handling font encoding OML ...
... no UTF-8 mapping file for font encoding OML
Now handling font encoding T1 ...
... processing UTF-8 mapping file for font encoding T1

(/usr/local/texlive/2015/texmf-dist/tex/latex/base/t1enc.dfu
File: t1enc.dfu 2014/09/29 v1.1m UTF-8 support for inputenc
   defining Unicode char U+00A1 (decimal 161)
   defining Unicode char U+00A3 (decimal 163)
   defining Unicode char U+00AB (decimal 171)
   defining Unicode char U+00BB (decimal 187)
   defining Unicode char U+00BF (decimal 191)
   defining Unicode char U+00C0 (decimal 192)
   defining Unicode char U+00C1 (decimal 193)
   defining Unicode char U+00C2 (decimal 194)
   defining Unicode char U+00C3 (decimal 195)
   defining Unicode char U+00C4 (decimal 196)
   defining Unicode char U+00C5 (decimal 197)
   defining Unicode char U+00C6 (decimal 198)
   defining Unicode char U+00C7 (decimal 199)
   defining Unicode char U+00C8 (decimal 200)
   defining Unicode char U+00C9 (decimal 201)
   defining Unicode char U+00CA (decimal 202)
   defining Unicode char U+00CB (decimal 203)
   defining Unicode char U+00CC (decimal 204)
   defining Unicode char U+00CD (decimal 205)
   defining Unicode char U+00CE (decimal 206)
   defining Unicode char U+00CF (decimal 207)
   defining Unicode char U+00D0 (decimal 208)
   defining Unicode char U+00D1 (decimal 209)
   defining Unicode char U+00D2 (decimal 210)
   defining Unicode char U+00D3 (decimal 211)
   defining Unicode char U+00D4 (decimal 212)
   defining Unicode char U+00D5 (decimal 213)
   defining Unicode char U+00D6 (decimal 214)
   defining Unicode char U+00D8 (decimal 216)
   defining Unicode char U+00D9 (decimal 217)
   defining Unicode char U+00DA (decimal 218)
   defining Unicode char U+00DB (decimal 219)
   defining Unicode char U+00DC (decimal 220)
   defining Unicode char U+00DD (decimal 221)
   defining Unicode char U+00DE (decimal 222)
   defining Unicode char U+00DF (decimal 223)
   defining Unicode char U+00E0 (decimal 224)
   defining Unicode char U+00E1 (decimal 225)
   defining Unicode char U+00E2 (decimal 226)
   defining Unicode char U+00E3 (decimal 227)
   defining Unicode char U+00E4 (decimal 228)
   defining Unicode char U+00E5 (decimal 229)
   defining Unicode char U+00E6 (decimal 230)
   defining Unicode char U+00E7 (decimal 231)
   defining Unicode char U+00E8 (decimal 232)
   defining Unicode char U+00E9 (decimal 233)
   defining Unicode char U+00EA (decimal 234)
   defining Unicode char U+00EB (decimal 235)
   defining Unicode char U+00EC (decimal 236)
   defining Unicode char U+00ED (decimal 237)
   defining Unicode char U+00EE (decimal 238)
   defining Unicode char U+00EF (decimal 239)
   defining Unicode char U+00F0 (decimal 240)
   defining Unicode char U+00F1 (decimal 241)
   defining Unicode char U+00F2 (decimal 242)
   defining Unicode char U+00F3 (decimal 243)
   defining Unicode char U+00F4 (decimal 244)
   defining Unicode char U+00F5 (decimal 245)
   defining Unicode char U+00F6 (decimal 246)
   defining Unicode char U+00F8 (decimal 248)
   defining Unicode char U+00F9 (decimal 249)
   defining Unicode char U+00FA (decimal 250)
   defining Unicode char U+00FB (decimal 251)
   defining Unicode char U+00FC (decimal 252)
   defining Unicode char U+00FD (decimal 253)
   defining Unicode char U+00FE (decimal 254)
   defining Unicode char U+00FF (decimal 255)
   defining Unicode char U+0102 (decimal 258)
   defining Unicode char U+0103 (decimal 259)
   defining Unicode char U+0104 (decimal 260)
   defining Unicode char U+0105 (decimal 261)
   defining Unicode char U+0106 (decimal 262)
   defining Unicode char U+0107 (decimal 263)
   defining Unicode char U+010C (decimal 268)
   defining Unicode char U+010D (decimal 269)
   defining Unicode char U+010E (decimal 270)
   defining Unicode char U+010F (decimal 271)
   defining Unicode char U+0110 (decimal 272)
   defining Unicode char U+0111 (decimal 273)
   defining Unicode char U+0118 (decimal 280)
   defining Unicode char U+0119 (decimal 281)
   defining Unicode char U+011A (decimal 282)
   defining Unicode char U+011B (decimal 283)
   defining Unicode char U+011E (decimal 286)
   defining Unicode char U+011F (decimal 287)
   defining Unicode char U+0130 (decimal 304)
   defining Unicode char U+0131 (decimal 305)
   defining Unicode char U+0132 (decimal 306)
   defining Unicode char U+0133 (decimal 307)
   defining Unicode char U+0139 (decimal 313)
   defining Unicode char U+013A (decimal 314)
   defining Unicode char U+013D (decimal 317)
   defining Unicode char U+013E (decimal 318)
   defining Unicode char U+0141 (decimal 321)
   defining Unicode char U+0142 (decimal 322)
   defining Unicode char U+0143 (decimal 323)
   defining Unicode char U+0144 (decimal 324)
   defining Unicode char U+0147 (decimal 327)
   defining Unicode char U+0148 (decimal 328)
   defining Unicode char U+014A (decimal 330)
   defining Unicode char U+014B (decimal 331)
   defining Unicode char U+0150 (decimal 336)
   defining Unicode char U+0151 (decimal 337)
   defining Unicode char U+0152 (decimal 338)
   defining Unicode char U+0153 (decimal 339)
   defining Unicode char U+0154 (decimal 340)
   defining Unicode char U+0155 (decimal 341)
   defining Unicode char U+0158 (decimal 344)
   defining Unicode char U+0159 (decimal 345)
   defining Unicode char U+015A (decimal 346)
   defining Unicode char U+015B (decimal 347)
   defining Unicode char U+015E (decimal 350)
   defining Unicode char U+015F (decimal 351)
   defining Unicode char U+0160 (decimal 352)
   defining Unicode char U+0161 (decimal 353)
   defining Unicode char U+0162 (decimal 354)
   defining Unicode char U+0163 (decimal 355)
   defining Unicode char U+0164 (decimal 356)
   defining Unicode char U+0165 (decimal 357)
   defining Unicode char U+016E (decimal 366)
   defining Unicode char U+016F (decimal 367)
   defining Unicode char U+0170 (decimal 368)
   defining Unicode char U+0171 (decimal 369)
   defining Unicode char U+0178 (decimal 376)
   defining Unicode char U+0179 (decimal 377)
   defining Unicode char U+017A (decimal 378)
   defining Unicode char U+017B (decimal 379)
   defining Unicode char U+017C (decimal 380)
   defining Unicode char U+017D (decimal 381)
   defining Unicode char U+017E (decimal 382)
   defining Unicode char U+200C (decimal 8204)
   defining Unicode char U+2013 (decimal 8211)
   defining Unicode char U+2014 (decimal 8212)
   defining Unicode char U+2018 (decimal 8216)
   defining Unicode char U+2019 (decimal 8217)
   defining Unicode char U+201A (decimal 8218)
   defining Unicode char U+201C (decimal 8220)
   defining Unicode char U+201D (decimal 8221)
   defining Unicode char U+201E (decimal 8222)
   defining Unicode char U+2030 (decimal 8240)
   defining Unicode char U+2031 (decimal 8241)
   defining Unicode char U+2039 (decimal 8249)
   defining Unicode char U+203A (decimal 8250)
   defining Unicode char U+2423 (decimal 9251)
)
Now handling font encoding OT1 ...
... processing UTF-8 mapping file for font encoding OT1

(/usr/local/texlive/2015/texmf-dist/tex/latex/base/ot1enc.dfu
File: ot1enc.dfu 2014/09/29 v1.1m UTF-8 support for inputenc
   defining Unicode char U+00A1 (decimal 161)
   defining Unicode char U+00A3 (decimal 163)
   defining Unicode char U+00B8 (decimal 184)
   defining Unicode char U+00BF (decimal 191)
   defining Unicode char U+00C5 (decimal 197)
   defining Unicode char U+00C6 (decimal 198)
   defining Unicode char U+00D8 (decimal 216)
   defining Unicode char U+00DF (decimal 223)
   defining Unicode char U+00E6 (decimal 230)
   defining Unicode char U+00EC (decimal 236)
   defining Unicode char U+00ED (decimal 237)
   defining Unicode char U+00EE (decimal 238)
   defining Unicode char U+00EF (decimal 239)
   defining Unicode char U+00F8 (decimal 248)
   defining Unicode char U+0131 (decimal 305)
   defining Unicode char U+0141 (decimal 321)
   defining Unicode char U+0142 (decimal 322)
   defining Unicode char U+0152 (decimal 338)
   defining Unicode char U+0153 (decimal 339)
   defining Unicode char U+2013 (decimal 8211)
   defining Unicode char U+2014 (decimal 8212)
   defining Unicode char U+2018 (decimal 8216)
   defining Unicode char U+2019 (decimal 8217)
   defining Unicode char U+201C (decimal 8220)
   defining Unicode char U+201D (decimal 8221)
)
Now handling font encoding OMS ...
... processing UTF-8 mapping file for font encoding OMS

(/usr/local/texlive/2015/texmf-dist/tex/latex/base/omsenc.dfu
File: omsenc.dfu 2014/09/29 v1.1m UTF-8 support for inputenc
   defining Unicode char U+00A7 (decimal 167)
   defining Unicode char U+00B6 (decimal 182)
   defining Unicode char U+00B7 (decimal 183)
   defining Unicode char U+2020 (decimal 8224)
   defining Unicode char U+2021 (decimal 8225)
   defining Unicode char U+2022 (decimal 8226)
)
Now handling font encoding OMX ...
... no UTF-8 mapping file for font encoding OMX
Now handling font encoding U ...
... no UTF-8 mapping file for font encoding U
   defining Unicode char U+00A9 (decimal 169)
   defining Unicode char U+00AA (decimal 170)
   defining Unicode char U+00AE (decimal 174)
   defining Unicode char U+00BA (decimal 186)
   defining Unicode char U+02C6 (decimal 710)
   defining Unicode char U+02DC (decimal 732)
   defining Unicode char U+200C (decimal 8204)
   defining Unicode char U+2026 (decimal 8230)
   defining Unicode char U+2122 (decimal 8482)
   defining Unicode char U+2423 (decimal 9251)
))
(/usr/local/texlive/2015/texmf-dist/tex/latex/psnfss/mathpazo.sty
Package: mathpazo 2005/04/12 PSNFSS-v9.2a Palatino w/ Pazo Math (D.Puga, WaS) 
\symupright=\mathgroup4
)
(/usr/local/texlive/2015/texmf-dist/tex/latex/amsmath/amsmath.sty
Package: amsmath 2013/01/14 v2.14 AMS math features
\@mathmargin=\skip185

For additional information on amsmath, use the `?' option.
(/usr/local/texlive/2015/texmf-dist/tex/latex/amsmath/amstext.sty
Package: amstext 2000/06/29 v2.01

(/usr/local/texlive/2015/texmf-dist/tex/latex/amsmath/amsgen.sty
File: amsgen.sty 1999/11/30 v2.0
\@emptytoks=\toks24
\ex@=\dimen148
))
(/usr/local/texlive/2015/texmf-dist/tex/latex/amsmath/amsbsy.sty
Package: amsbsy 1999/11/29 v1.2d
\pmbraise@=\dimen149
)
(/usr/local/texlive/2015/texmf-dist/tex/latex/amsmath/amsopn.sty
Package: amsopn 1999/12/14 v2.01 operator names
)
\inf@bad=\count139
LaTeX Info: Redefining \frac on input line 210.
\uproot@=\count140
\leftroot@=\count141
LaTeX Info: Redefining \overline on input line 306.
\classnum@=\count142
\DOTSCASE@=\count143
LaTeX Info: Redefining \ldots on input line 378.
LaTeX Info: Redefining \dots on input line 381.
LaTeX Info: Redefining \cdots on input line 466.
\Mathstrutbox@=\box29
\strutbox@=\box30
\big@size=\dimen150
LaTeX Font Info:    Redeclaring font encoding OML on input line 566.
LaTeX Font Info:    Redeclaring font encoding OMS on input line 567.
\macc@depth=\count144
\c@MaxMatrixCols=\count145
\dotsspace@=\muskip10
\c@parentequation=\count146
\dspbrk@lvl=\count147
\tag@help=\toks25
\row@=\count148
\column@=\count149
\maxfields@=\count150
\andhelp@=\toks26
\eqnshift@=\dimen151
\alignsep@=\dimen152
\tagshift@=\dimen153
\tagwidth@=\dimen154
\totwidth@=\dimen155
\lineht@=\dimen156
\@envbody=\toks27
\multlinegap=\skip186
\multlinetaggap=\skip187
\mathdisplay@stack=\toks28
LaTeX Info: Redefining \[ on input line 2665.
LaTeX Info: Redefining \] on input line 2666.
)
(/usr/local/texlive/2015/texmf-dist/tex/latex/amsfonts/amssymb.sty
Package: amssymb 2013/01/14 v3.01 AMS font symbols

(/usr/local/texlive/2015/texmf-dist/tex/latex/amsfonts/amsfonts.sty
Package: amsfonts 2013/01/14 v3.01 Basic AMSFonts support
\symAMSa=\mathgroup5
\symAMSb=\mathgroup6
LaTeX Font Info:    Overwriting math alphabet `\mathfrak' in version `bold'
(Font)                  U/euf/m/n --> U/euf/b/n on input line 106.
))
(/usr/local/texlive/2015/texmf-dist/tex/latex/jknapltx/mathrsfs.sty
Package: mathrsfs 1996/01/01 Math RSFS package v1.0 (jk)
\symrsfs=\mathgroup7
)
(/usr/local/texlive/2015/texmf-dist/tex/latex/ntheorem/ntheorem.sty
Style `ntheorem', Version 1.33 <2011/08/15>
Package: ntheorem 2011/08/15 1.33
(/usr/local/texlive/2015/texmf-dist/tex/latex/base/ifthen.sty
Package: ifthen 2014/09/29 v1.1c Standard LaTeX ifthen package (DPC)
)
\theorem@style=\toks29
\theorem@@style=\toks30
\theorembodyfont=\toks31
\theoremnumbering=\toks32
\theorempreskipamount=\skip188
\theorempostskipamount=\skip189
\theoremframepreskipamount=\skip190
\theoremframepostskipamount=\skip191
\theoreminframepreskipamount=\skip192
\theoreminframepostskipamount=\skip193
\theorem@preskip=\toks33
\theorem@postskip=\toks34
\theorem@framepreskip=\toks35
\theorem@framepostskip=\toks36
\theorem@inframepreskip=\toks37
\theorem@inframepostskip=\toks38
\theoremindent=\dimen157
\theorem@indent=\dimen158
\theoremrightindent=\dimen159
\theorem@rightindent=\dimen160
\theoremheaderfont=\toks39
\theoremseparator=\toks40
\theoremprework=\toks41
\theorempostwork=\toks42
\theoremsymbol=\toks43
\qedsymbol=\toks44
\theoremkeyword=\toks45
\qedsymbol=\toks46
\thm@topsep=\skip194
\thm@topsepadd=\skip195
Package ntheorem Info: Option `thmmarks' loaded on input line 1175.
\c@endNonectr=\count151
\c@currNonectr=\count152
\mysavskip=\skip196
Package ntheorem Info: option `amsmath' handling for `thmmarks' loaded on input
 line 1175.
\thm@amstmpdepth=\dimen161
\tagwidth=\dimen162
)
(/usr/local/texlive/2015/texmf-dist/tex/latex/svg/svg.sty
Package: svg 2012/09/05 v1.0 SVG inclusion and extraction

(/usr/local/texlive/2015/texmf-dist/tex/latex/xkeyval/xkeyval.sty
Package: xkeyval 2014/12/03 v2.7a package option processing (HA)

(/usr/local/texlive/2015/texmf-dist/tex/generic/xkeyval/xkeyval.tex
(/usr/local/texlive/2015/texmf-dist/tex/generic/xkeyval/xkvutils.tex
\XKV@toks=\toks47
\XKV@tempa@toks=\toks48

(/usr/local/texlive/2015/texmf-dist/tex/generic/xkeyval/keyval.tex))
\XKV@depth=\count153
File: xkeyval.tex 2014/12/03 v2.7a key=value parser (HA)
))
(/usr/local/texlive/2015/texmf-dist/tex/latex/subfig/subfig.sty
Package: subfig 2005/06/28 ver: 1.3 subfig package


Class memoir Warning: You are using the caption package with the memoir class. 
To prepare we will now reset all captioning macros and configurations to kernel
 defaults, and then let the caption package take over. Please remember to use t
he caption package interfaces in order to configure your captions. .

(/usr/local/texlive/2015/texmf-dist/tex/latex/caption/caption.sty
Package: caption 2013/05/02 v3.3-89 Customizing captions (AR)

(/usr/local/texlive/2015/texmf-dist/tex/latex/caption/caption3.sty
Package: caption3 2013/05/02 v1.6-88 caption3 kernel (AR)
Package caption3 Info: TeX engine: e-TeX on input line 57.
\captionmargin=\dimen163
\captionmargin@=\dimen164
\captionwidth=\dimen165
\caption@tempdima=\dimen166
\caption@indent=\dimen167
\caption@parindent=\dimen168
\caption@hangindent=\dimen169
)
\c@ContinuedFloat=\count154
)
\c@KVtest=\count155
\sf@farskip=\skip197
\sf@captopadj=\dimen170
\sf@capskip=\skip198
\sf@nearskip=\skip199
\c@subfigure=\count156
\c@subfigure@save=\count157
\c@subtable=\count158
\c@subtable@save=\count159
\sf@top=\skip200
\sf@bottom=\skip201
)
(/usr/local/texlive/2015/texmf-dist/tex/latex/import/import.sty
Package: import 2009/03/23  v 5.1
)
(/usr/local/texlive/2015/texmf-dist/tex/latex/graphics/graphicx.sty
Package: graphicx 2014/10/28 v1.0g Enhanced LaTeX Graphics (DPC,SPQR)

(/usr/local/texlive/2015/texmf-dist/tex/latex/graphics/graphics.sty
Package: graphics 2014/10/28 v1.0p Standard LaTeX Graphics (DPC,SPQR)

(/usr/local/texlive/2015/texmf-dist/tex/latex/graphics/trig.sty
Package: trig 1999/03/16 v1.09 sin cos tan (DPC)
)
(/usr/local/texlive/2015/texmf-dist/tex/latex/latexconfig/graphics.cfg
File: graphics.cfg 2010/04/23 v1.9 graphics configuration of TeX Live
)
Package graphics Info: Driver file: pdftex.def on input line 94.

(/usr/local/texlive/2015/texmf-dist/tex/latex/pdftex-def/pdftex.def
File: pdftex.def 2011/05/27 v0.06d Graphics/color for pdfTeX

(/usr/local/texlive/2015/texmf-dist/tex/generic/oberdiek/infwarerr.sty
Package: infwarerr 2010/04/08 v1.3 Providing info/warning/error messages (HO)
)
(/usr/local/texlive/2015/texmf-dist/tex/generic/oberdiek/ltxcmds.sty
Package: ltxcmds 2011/11/09 v1.22 LaTeX kernel commands for general use (HO)
)
\Gread@gobject=\count160
))
\Gin@req@height=\dimen171
\Gin@req@width=\dimen172
)
(/usr/local/texlive/2015/texmf-dist/tex/latex/oberdiek/transparent.sty
Package: transparent 2007/01/08 v1.0 Transparency via pdfTeX's color stack (HO)


(/usr/local/texlive/2015/texmf-dist/tex/latex/oberdiek/auxhook.sty
Package: auxhook 2011/03/04 v1.3 Hooks for auxiliary files (HO)
))
(/usr/local/texlive/2015/texmf-dist/tex/latex/xcolor/xcolor.sty
Package: xcolor 2007/01/21 v2.11 LaTeX color extensions (UK)

(/usr/local/texlive/2015/texmf-dist/tex/latex/latexconfig/color.cfg
File: color.cfg 2007/01/18 v1.5 color configuration of teTeX/TeXLive
)
Package xcolor Info: Driver file: pdftex.def on input line 225.
Package xcolor Info: Model `cmy' substituted by `cmy0' on input line 1337.
Package xcolor Info: Model `hsb' substituted by `rgb' on input line 1341.
Package xcolor Info: Model `RGB' extended on input line 1353.
Package xcolor Info: Model `HTML' substituted by `rgb' on input line 1355.
Package xcolor Info: Model `Hsb' substituted by `hsb' on input line 1356.
Package xcolor Info: Model `tHsb' substituted by `hsb' on input line 1357.
Package xcolor Info: Model `HSB' substituted by `hsb' on input line 1358.
Package xcolor Info: Model `Gray' substituted by `gray' on input line 1359.
Package xcolor Info: Model `wave' substituted by `hsb' on input line 1360.
)
\SVG@out@width=\skip202
\SVG@out@height=\skip203
\c@svgfigure=\count161
)
(/usr/local/texlive/2015/texmf-dist/tex/latex/csvsimple/csvsimple.sty
Package: csvsimple 2014/07/14 version 1.12 LaTeX CSV file processing

(/usr/local/texlive/2015/texmf-dist/tex/latex/pgf/utilities/pgfkeys.sty
(/usr/local/texlive/2015/texmf-dist/tex/generic/pgf/utilities/pgfkeys.code.tex
\pgfkeys@pathtoks=\toks49
\pgfkeys@temptoks=\toks50

(/usr/local/texlive/2015/texmf-dist/tex/generic/pgf/utilities/pgfkeysfiltered.c
ode.tex
\pgfkeys@tmptoks=\toks51
)))
\csv@file=\read2
\c@csvinputline=\count162
\c@csvrow=\count163
\c@csvcol=\count164
\csv@out=\write4
) (/usr/local/texlive/2015/texmf-dist/tex/latex/soul/soul.sty
Package: soul 2003/11/17 v2.4 letterspacing/underlining (mf)
\SOUL@word=\toks52
\SOUL@lasttoken=\toks53
\SOUL@cmds=\toks54
\SOUL@buffer=\toks55
\SOUL@token=\toks56
\SOUL@spaceskip=\skip204
\SOUL@ttwidth=\dimen173
\SOUL@uldp=\dimen174
\SOUL@ulht=\dimen175
)
(/usr/local/texlive/2015/texmf-dist/tex/latex/pdfpages/pdfpages.sty
Package: pdfpages 2015/05/11 v0.4x Insert pages of external PDF documents (AM)

(/usr/local/texlive/2015/texmf-dist/tex/latex/tools/calc.sty
Package: calc 2014/10/28 v4.3 Infix arithmetic (KKT,FJ)
\calc@Acount=\count165
\calc@Bcount=\count166
\calc@Adimen=\dimen176
\calc@Bdimen=\dimen177
\calc@Askip=\skip205
\calc@Bskip=\skip206
LaTeX Info: Redefining \setlength on input line 80.
LaTeX Info: Redefining \addtolength on input line 81.
\calc@Ccount=\count167
\calc@Cskip=\skip207
)
(/usr/local/texlive/2015/texmf-dist/tex/latex/eso-pic/eso-pic.sty
Package: eso-pic 2015/04/20 v2.0e eso-pic (RN)

(/usr/local/texlive/2015/texmf-dist/tex/generic/oberdiek/atbegshi.sty
Package: atbegshi 2011/10/05 v1.16 At begin shipout hook (HO)
))
\AM@pagewidth=\dimen178
\AM@pageheight=\dimen179

(/usr/local/texlive/2015/texmf-dist/tex/latex/pdfpages/pppdftex.def
File: pppdftex.def 2015/05/11 v0.4x Pdfpages driver for pdfTeX (AM)
)
\AM@pagebox=\box31
\AM@toc@title=\toks57
\c@AM@survey=\count168
\AM@templatesizebox=\box32
)
(./extrapackages.tex
(/usr/local/texlive/2015/texmf-dist/tex/latex/tools/varioref.sty
Package: varioref 2014/10/28 v1.5a package for extended references (FMi)
\c@vrcnt=\count169
)
(/usr/local/texlive/2015/texmf-dist/tex/latex/datetime/datetime.sty
Package: datetime 2015/03/20 v2.60 Date Time Package

(/usr/local/texlive/2015/texmf-dist/tex/latex/etoolbox/etoolbox.sty
Package: etoolbox 2015/05/04 v2.2 e-TeX tools for LaTeX (JAW)
\etb@tempcnta=\count170
)
(/usr/local/texlive/2015/texmf-dist/tex/latex/fmtcount/fmtcount.sty
Package: fmtcount 2015/05/05 v3.01

(/usr/local/texlive/2015/texmf-dist/tex/latex/fmtcount/fcprefix.sty
Package: fcprefix 2012/09/28

(/usr/local/texlive/2015/texmf-dist/tex/latex/fmtcount/fcnumparser.sty
Package: fcnumparser 2012/09/28
\fc@digit@counter=\count171
))
\c@padzeroesN=\count172
\fc@tmpcatcode=\count173

(/usr/local/texlive/2015/texmf-dist/tex/latex/fmtcount/fc-english.def
File: fc-english.def 2013/08/17
)
\@DT@modctr=\count174
\@ordinalctr=\count175
\@orgargctr=\count176
\@strctr=\count177
\@tmpstrctr=\count178
\@DT@loopN=\count179
\@DT@X=\count180


Package fmtcount Warning: \ordinal already defined use \FCordinal instead. on i
nput line 516.

) (/usr/local/texlive/2015/texmf-dist/tex/latex/datetime/datetime-defaults.sty
Package: datetime-defaults 2013/09/10
)
\@day=\count181
\@month=\count182
\@year=\count183
\c@HOUR=\count184
\c@HOURXII=\count185
\c@MINUTE=\count186
\c@TOHOUR=\count187
\c@TOMINUTE=\count188
\c@SECOND=\count189
\currenthour=\count190
\currentminute=\count191
\currentsecond=\count192
Package datetime Info: No datetime.cfg file found, using default settings on in
put line 308.
\@dtctr=\count193
\dayofyear=\count194
\dayofweek=\count195
LaTeX Info: Redefining \today on input line 736.
\dt@a=\toks58
\dt@b=\toks59
) (/usr/local/texlive/2015/texmf-dist/tex/latex/mathtools/mathtools.sty
Package: mathtools 2015/05/11 v1.16 mathematical typesetting tools

(/usr/local/texlive/2015/texmf-dist/tex/latex/mathtools/mhsetup.sty
Package: mhsetup 2010/01/21 v1.2a programming setup (MH)
)
LaTeX Info: Thecontrolsequence`\('isalreadyrobust on input line 129.
LaTeX Info: Thecontrolsequence`\)'isalreadyrobust on input line 129.
LaTeX Info: Thecontrolsequence`\['isalreadyrobust on input line 129.
LaTeX Info: Thecontrolsequence`\]'isalreadyrobust on input line 129.
\g_MT_multlinerow_int=\count196
\l_MT_multwidth_dim=\dimen180
\origjot=\skip208
\l_MT_shortvdotswithinadjustabove_dim=\dimen181
\l_MT_shortvdotswithinadjustbelow_dim=\dimen182
\l_MT_above_intertext_sep=\dimen183
\l_MT_below_intertext_sep=\dimen184
\l_MT_above_shortintertext_sep=\dimen185
\l_MT_below_shortintertext_sep=\dimen186
)
(/usr/local/texlive/2015/texmf-dist/tex/latex/esvect/esvect.sty
Package: esvect 
\symesvector=\mathgroup8
LaTeX Font Info:    Redeclaring math symbol \fldr on input line 38.
)
(/usr/local/texlive/2015/texmf-dist/tex/latex/listings/listings.sty
\lst@mode=\count197
\lst@gtempboxa=\box33
\lst@token=\toks60
\lst@length=\count198
\lst@currlwidth=\dimen187
\lst@column=\count199
\lst@pos=\count200
\lst@lostspace=\dimen188
\lst@width=\dimen189
\lst@newlines=\count201
\lst@lineno=\count202
\lst@maxwidth=\dimen190

(/usr/local/texlive/2015/texmf-dist/tex/latex/listings/lstmisc.sty
File: lstmisc.sty 2014/09/06 1.5e (Carsten Heinz)
\c@lstnumber=\count203
\lst@skipnumbers=\count204
\lst@framebox=\box34
)
(/usr/local/texlive/2015/texmf-dist/tex/latex/listings/listings.cfg
File: listings.cfg 2014/09/06 1.5e listings configuration
))
Package: listings 2014/09/06 1.5e (Carsten Heinz)

(/usr/local/texlive/2015/texmf-dist/tex/latex/listings/lstlang1.sty
File: lstlang1.sty 2014/09/06 1.5e listings language file
)
(/usr/local/texlive/2015/texmf-dist/tex/latex/listings/lstlang2.sty
File: lstlang2.sty 2014/09/06 1.5e listings language file
)
(/usr/local/texlive/2015/texmf-dist/tex/latex/listings/lstlang3.sty
File: lstlang3.sty 2014/09/06 1.5e listings language file
)
(/usr/local/texlive/2015/texmf-dist/tex/latex/listings/lstlang1.sty
File: lstlang1.sty 2014/09/06 1.5e listings language file
)
(/usr/local/texlive/2015/texmf-dist/tex/latex/listings/lstlang2.sty
File: lstlang2.sty 2014/09/06 1.5e listings language file
)
(/usr/local/texlive/2015/texmf-dist/tex/latex/listings/lstlang3.sty
File: lstlang3.sty 2014/09/06 1.5e listings language file
)
(/usr/local/texlive/2015/texmf-dist/tex/latex/listings/lstlang1.sty
File: lstlang1.sty 2014/09/06 1.5e listings language file
)
(/usr/local/texlive/2015/texmf-dist/tex/latex/listings/lstlang2.sty
File: lstlang2.sty 2014/09/06 1.5e listings language file
)
(/usr/local/texlive/2015/texmf-dist/tex/latex/listings/lstlang3.sty
File: lstlang3.sty 2014/09/06 1.5e listings language file
)
(/usr/local/texlive/2015/texmf-dist/tex/latex/listings/lstmisc.sty
File: lstmisc.sty 2014/09/06 1.5e (Carsten Heinz)
)
(/usr/local/texlive/2015/texmf-dist/tex/latex/pdfcprot/pdfcprot.sty
Package: pdfcprot 2002/02/27 v1.5 character protruding using pdflatex (cs)
\c@CPROT@family=\count205
\c@CPROT@family@temp=\count206
\c@CPROT@series=\count207
\c@CPROT@series@temp=\count208
\c@CPROT@shape=\count209
\c@CPROT@shape@temp=\count210
\c@CPROT@size=\count211
\c@CPROT@size@temp=\count212
\c@CPROT@temp@chars=\count213
Package pdfcprot Info: You've requested char protruding for TS1 encoding
(pdfcprot)             but TS1 encoding doesn't seem to be loaded.
(pdfcprot)             Maybe you forgot a '\usepackage{textcomp}'. on input lin
e 805.
Package pdfcprot Info: You've requested char protruding for TS1 encoding
(pdfcprot)             but TS1 encoding doesn't seem to be loaded.
(pdfcprot)             Maybe you forgot a '\usepackage{textcomp}'. on input lin
e 805.
Package pdfcprot Info: You've requested char protruding for TS1 encoding
(pdfcprot)             but TS1 encoding doesn't seem to be loaded.
(pdfcprot)             Maybe you forgot a '\usepackage{textcomp}'. on input lin
e 805.
))
(./layoutsetup.tex (./ETHlogo.sty
Package: ETHlogo 2000/11/06 0.1 ETH Logo command
)

******************************************************
Stock height and width: 845.04684pt by 597.50787pt
Top and edge trims: 0pt and 0pt
Page height and width: 845.04684pt by 597.50787pt
Text height and width: 595.80026pt by 369pt
Spine and edge margins: 91.26999pt and 137.23788pt
Upper and lower margins: 126.74379pt and 122.50279pt
Headheight and headsep: 13.6pt and 19.8738pt
Footskip: 27.46295pt
Columnsep and columnseprule: 10pt and 0pt
Marginparsep and marginparwidth: 7pt and 123.23788pt
Sidecapsep and sidecapwidth: 7pt and 101pt
Sidebarhsep and sidebarwidth: 7pt and 101pt
Sidebarvsep and sidebartopsep: 13.6pt and 0pt
Sidebarheight: 594.32022pt
Sidefoothsep and sidefootwidth: 7pt and 101pt
Sidefootvsep and sidefootheight: 13.6pt and 594.32022pt
******************************************************

) (./theoremsetup.tex
\c@currtheoremctr=\count214
\c@endtheoremctr=\count215
\c@theorem=\count216
\c@currexamplectr=\count217
\c@endexamplectr=\count218
\c@currremarkctr=\count219
\c@endremarkctr=\count220
\c@currcorollaryctr=\count221
\c@endcorollaryctr=\count222
\c@currdefinitionctr=\count223
\c@enddefinitionctr=\count224
\c@currlemmactr=\count225
\c@endlemmactr=\count226
\c@currpropositionctr=\count227
\c@endpropositionctr=\count228
Normal \count register pool exhausted, switching to extended pool.
\c@currproofctr=\count277
\c@endproofctr=\count278
)
\c@proof=\count279
 (./macrosetup.tex)
(/usr/local/texlive/2015/texmf-dist/tex/latex/algorithms/algorithm.sty
Package: algorithm 2009/08/24 v0.1 Document Style `algorithm' - floating enviro
nment

(/usr/local/texlive/2015/texmf-dist/tex/latex/float/float.sty
Package: float 2001/11/08 v1.3d Float enhancements (AL)
\c@float@type=\count280
\float@exts=\toks61
\float@box=\box35
\@float@everytoks=\toks62
\@floatcapt=\box36
)
\@float@every@algorithm=\toks63
\c@algorithm=\count281
)
(/usr/local/texlive/2015/texmf-dist/tex/latex/algorithmicx/algpseudocode.sty
Package: algpseudocode 

(/usr/local/texlive/2015/texmf-dist/tex/latex/algorithmicx/algorithmicx.sty
Package: algorithmicx 2005/04/27 v1.2 Algorithmicx

Document Style algorithmicx 1.2 - a greatly improved `algorithmic' style
\c@ALG@line=\count282
\c@ALG@rem=\count283
\c@ALG@nested=\count284
\ALG@tlm=\skip209
\ALG@thistlm=\skip210
\c@ALG@Lnr=\count285
\c@ALG@blocknr=\count286
\c@ALG@storecount=\count287
\c@ALG@tmpcounter=\count288
\ALG@tmplength=\skip211
)
Document Style - pseudocode environments for use with the `algorithmicx' style
) (/usr/local/texlive/2015/texmf-dist/tex/latex/hyperref/hyperref.sty
Package: hyperref 2012/11/06 v6.83m Hypertext links for LaTeX

(/usr/local/texlive/2015/texmf-dist/tex/generic/oberdiek/hobsub-hyperref.sty
Package: hobsub-hyperref 2012/05/28 v1.13 Bundle oberdiek, subset hyperref (HO)


(/usr/local/texlive/2015/texmf-dist/tex/generic/oberdiek/hobsub-generic.sty
Package: hobsub-generic 2012/05/28 v1.13 Bundle oberdiek, subset generic (HO)
Package: hobsub 2012/05/28 v1.13 Construct package bundles (HO)
Package hobsub Info: Skipping package `infwarerr' (already loaded).
Package hobsub Info: Skipping package `ltxcmds' (already loaded).
Package hobsub Info: Skipping package `ifluatex' (already loaded).
Package: ifvtex 2010/03/01 v1.5 Detect VTeX and its facilities (HO)
Package ifvtex Info: VTeX not detected.
Package: intcalc 2007/09/27 v1.1 Expandable calculations with integers (HO)
Package hobsub Info: Skipping package `ifpdf' (already loaded).
Package: etexcmds 2011/02/16 v1.5 Avoid name clashes with e-TeX commands (HO)
Package etexcmds Info: Could not find \expanded.
(etexcmds)             That can mean that you are not using pdfTeX 1.50 or
(etexcmds)             that some package has redefined \expanded.
(etexcmds)             In the latter case, load this package earlier.
Package: kvsetkeys 2012/04/25 v1.16 Key value parser (HO)
Package: kvdefinekeys 2011/04/07 v1.3 Define keys (HO)
Package: pdftexcmds 2011/11/29 v0.20 Utility functions of pdfTeX for LuaTeX (HO
)
Package pdftexcmds Info: LuaTeX not detected.
Package pdftexcmds Info: \pdf@primitive is available.
Package pdftexcmds Info: \pdf@ifprimitive is available.
Package pdftexcmds Info: \pdfdraftmode found.
Package: pdfescape 2011/11/25 v1.13 Implements pdfTeX's escape features (HO)
Package: bigintcalc 2012/04/08 v1.3 Expandable calculations on big integers (HO
)
Package: bitset 2011/01/30 v1.1 Handle bit-vector datatype (HO)
Package: uniquecounter 2011/01/30 v1.2 Provide unlimited unique counter (HO)
)
Package hobsub Info: Skipping package `hobsub' (already loaded).
Package: letltxmacro 2010/09/02 v1.4 Let assignment for LaTeX macros (HO)
Package: hopatch 2012/05/28 v1.2 Wrapper for package hooks (HO)
Package: xcolor-patch 2011/01/30 xcolor patch
Package: atveryend 2011/06/30 v1.8 Hooks at the very end of document (HO)
Package hobsub Info: Skipping package `atbegshi' (already loaded).
Package: refcount 2011/10/16 v3.4 Data extraction from label references (HO)
Package: hycolor 2011/01/30 v1.7 Color options for hyperref/bookmark (HO)
)
(/usr/local/texlive/2015/texmf-dist/tex/latex/oberdiek/kvoptions.sty
Package: kvoptions 2011/06/30 v3.11 Key value format for package options (HO)
)
\@linkdim=\dimen191
\Hy@linkcounter=\count289
\Hy@pagecounter=\count290

(/usr/local/texlive/2015/texmf-dist/tex/latex/hyperref/pd1enc.def
File: pd1enc.def 2012/11/06 v6.83m Hyperref: PDFDocEncoding definition (HO)
Now handling font encoding PD1 ...
... no UTF-8 mapping file for font encoding PD1
)
\Hy@SavedSpaceFactor=\count291

(/usr/local/texlive/2015/texmf-dist/tex/latex/latexconfig/hyperref.cfg
File: hyperref.cfg 2002/06/06 v1.2 hyperref configuration of TeXLive
)
Package hyperref Info: Option `colorlinks' set `true' on input line 4319.
Package hyperref Info: Hyper figures OFF on input line 4443.
Package hyperref Info: Link nesting OFF on input line 4448.
Package hyperref Info: Hyper index ON on input line 4451.
Package hyperref Info: Plain pages OFF on input line 4458.
Package hyperref Info: Backreferencing OFF on input line 4463.
Package hyperref Info: Implicit mode ON; LaTeX internals redefined.
Package hyperref Info: Bookmarks ON on input line 4688.
\c@Hy@tempcnt=\count292

(/usr/local/texlive/2015/texmf-dist/tex/latex/url/url.sty
\Urlmuskip=\muskip11
Package: url 2013/09/16  ver 3.4  Verb mode for urls, etc.
)
LaTeX Info: Redefining \url on input line 5041.
\XeTeXLinkMargin=\dimen192
\Fld@menulength=\count293
\Field@Width=\dimen193
\Fld@charsize=\dimen194
Package hyperref Info: Hyper figures OFF on input line 6295.
Package hyperref Info: Link nesting OFF on input line 6300.
Package hyperref Info: Hyper index ON on input line 6303.
Package hyperref Info: backreferencing OFF on input line 6310.
Package hyperref Info: Link coloring ON on input line 6313.
Package hyperref Info: Link coloring with OCG OFF on input line 6320.
Package hyperref Info: PDF/A mode OFF on input line 6325.
LaTeX Info: Redefining \ref on input line 6365.
LaTeX Info: Redefining \pageref on input line 6369.
\Hy@abspage=\count294
\c@Item=\count295
\c@Hfootnote=\count296
)
(/usr/local/texlive/2015/texmf-dist/tex/latex/memoir/memhfixc.sty
Package: memhfixc 2013/05/30 v1.17 nameref/hyperref package fixes for memoir cl
ass
\c@memhycontfloat=\count297
\c@Hpagenote=\count298
)

Package hyperref Message: Driver (autodetected): hpdftex.

(/usr/local/texlive/2015/texmf-dist/tex/latex/hyperref/hpdftex.def
File: hpdftex.def 2012/11/06 v6.83m Hyperref driver for pdfTeX
\Fld@listcount=\count299
\c@bookmark@seq@number=\count300

(/usr/local/texlive/2015/texmf-dist/tex/latex/oberdiek/rerunfilecheck.sty
Package: rerunfilecheck 2011/04/15 v1.7 Rerun checks for auxiliary files (HO)
Package uniquecounter Info: New unique counter `rerunfilecheck' on input line 2
82.
)
\Hy@SectionHShift=\skip212
)
(/usr/local/texlive/2015/texmf-dist/tex/latex/tools/hhline.sty
Package: hhline 2014/10/28 v2.03 Table rule package (DPC)
)

Package subfig Warning: The subfigure type is already defined. on input line 11
6.


LaTeX Warning: Unused global option(s):
    [titlepage].

(./thesis.aux

LaTeX Warning: Label `' multiply defined.


LaTeX Warning: Label `sub@' multiply defined.


LaTeX Warning: Label `fig:first' multiply defined.


LaTeX Warning: Label `nextday' multiply defined.

)
\openout1 = `thesis.aux'.

LaTeX Font Info:    Checking defaults for OML/cmm/m/it on input line 136.
LaTeX Font Info:    ... okay on input line 136.
LaTeX Font Info:    Checking defaults for T1/cmr/m/n on input line 136.
LaTeX Font Info:    ... okay on input line 136.
LaTeX Font Info:    Checking defaults for OT1/cmr/m/n on input line 136.
LaTeX Font Info:    ... okay on input line 136.
LaTeX Font Info:    Checking defaults for OMS/cmsy/m/n on input line 136.
LaTeX Font Info:    ... okay on input line 136.
LaTeX Font Info:    Checking defaults for OMX/cmex/m/n on input line 136.
LaTeX Font Info:    ... okay on input line 136.
LaTeX Font Info:    Checking defaults for U/cmr/m/n on input line 136.
LaTeX Font Info:    ... okay on input line 136.
LaTeX Font Info:    Checking defaults for PD1/pdf/m/n on input line 136.
LaTeX Font Info:    ... okay on input line 136.
LaTeX Font Info:    Try loading font information for OT1+pplx on input line 136
.
 (/usr/local/texlive/2015/texmf-dist/tex/latex/psnfss/ot1pplx.fd
File: ot1pplx.fd 2004/09/06 font definitions for OT1/pplx.
)
Package caption Info: Begin \AtBeginDocument code.
Package caption Info: subfig package v1.3 is loaded.
Package caption Info: float package is loaded.
Package caption Info: hyperref package is loaded.
Package caption Info: listings package is loaded.
Package caption Info: End \AtBeginDocument code.

(/usr/local/texlive/2015/texmf-dist/tex/context/base/supp-pdf.mkii
[Loading MPS to PDF converter (version 2006.09.02).]
\scratchcounter=\count301
\scratchdimen=\dimen195
\scratchbox=\box37
\nofMPsegments=\count302
\nofMParguments=\count303
\everyMPshowfont=\toks64
\MPscratchCnt=\count304
\MPscratchDim=\dimen196
\MPnumerator=\count305
\makeMPintoPDFobject=\count306
\everyMPtoPDFconversion=\toks65
) (/usr/local/texlive/2015/texmf-dist/tex/latex/oberdiek/epstopdf-base.sty
Package: epstopdf-base 2010/02/09 v2.5 Base part for package epstopdf

(/usr/local/texlive/2015/texmf-dist/tex/latex/oberdiek/grfext.sty
Package: grfext 2010/08/19 v1.1 Manage graphics extensions (HO)
)
Package grfext Info: Graphics extension search list:
(grfext)             [.png,.pdf,.jpg,.mps,.jpeg,.jbig2,.jb2,.PNG,.PDF,.JPG,.JPE
G,.JBIG2,.JB2,.eps]
(grfext)             \AppendGraphicsExtensions on input line 452.

(/usr/local/texlive/2015/texmf-dist/tex/latex/latexconfig/epstopdf-sys.cfg
File: epstopdf-sys.cfg 2010/07/13 v1.3 Configuration of (r)epstopdf for TeX Liv
e
))
\AtBeginShipoutBox=\box38
\c@lstlisting=\count307
LaTeX Font Info:    Font shape `OT1/pplx/bx/n' in size <10.95> not available
(Font)              Font shape `OT1/pplx/b/n' tried instead on input line 136.
LaTeX Font Info:    Font shape `OT1/pplx/bx/n' in size <12> not available
(Font)              Font shape `OT1/pplx/b/n' tried instead on input line 136.
Package pdfcprot Info: I didn't find pplxbxnOT1.cpa.
(pdfcprot)              As a fallback I will try pplmnOT1.cpa. on input line 13
6.

(/usr/local/texlive/2015/texmf-dist/tex/latex/pdfcprot/pplmnOT1.cpa)
Package pdfcprot Info: File pplmnOT1.cpa{} used for the adjustment
(pdfcprot)             of the char protruding. It seems that it isn't the one
(pdfcprot)             you intended to use. on input line 136.
Package pdfcprot Info: I didn't find pplxbxnOT1.cpa.
(pdfcprot)              As a fallback I will try pplmnOT1.cpa. on input line 13
6.
Package pdfcprot Info: File pplmnOT1.cpa{} used for the adjustment
(pdfcprot)             of the char protruding. It seems that it isn't the one
(pdfcprot)             you intended to use. on input line 136.
LaTeX Font Info:    Font shape `OT1/pplx/bx/n' in size <10> not available
(Font)              Font shape `OT1/pplx/b/n' tried instead on input line 136.
Package pdfcprot Info: I didn't find pplxbxnOT1.cpa.
(pdfcprot)              As a fallback I will try pplmnOT1.cpa. on input line 13
6.
Package pdfcprot Info: File pplmnOT1.cpa{} used for the adjustment
(pdfcprot)             of the char protruding. It seems that it isn't the one
(pdfcprot)             you intended to use. on input line 136.
LaTeX Font Info:    Font shape `OT1/pplx/bx/n' in size <9> not available
(Font)              Font shape `OT1/pplx/b/n' tried instead on input line 136.
Package pdfcprot Info: I didn't find pplxbxnOT1.cpa.
(pdfcprot)              As a fallback I will try pplmnOT1.cpa. on input line 13
6.
Package pdfcprot Info: File pplmnOT1.cpa{} used for the adjustment
(pdfcprot)             of the char protruding. It seems that it isn't the one
(pdfcprot)             you intended to use. on input line 136.
Package pdfcprot Info: I didn't find cmssbxnOT1.cpa.
(pdfcprot)              As a fallback I will try pplmnOT1.cpa. on input line 13
6.
Package pdfcprot Info: File pplmnOT1.cpa{} used for the adjustment
(pdfcprot)             of the char protruding. It seems that it isn't the one
(pdfcprot)             you intended to use. on input line 136.
Package pdfcprot Info: I didn't find cmssbxnOT1.cpa.
(pdfcprot)              As a fallback I will try pplmnOT1.cpa. on input line 13
6.
Package pdfcprot Info: File pplmnOT1.cpa{} used for the adjustment
(pdfcprot)             of the char protruding. It seems that it isn't the one
(pdfcprot)             you intended to use. on input line 136.
Package pdfcprot Info: I didn't find cmssbxnOT1.cpa.
(pdfcprot)              As a fallback I will try pplmnOT1.cpa. on input line 13
6.
Package pdfcprot Info: File pplmnOT1.cpa{} used for the adjustment
(pdfcprot)             of the char protruding. It seems that it isn't the one
(pdfcprot)             you intended to use. on input line 136.
Package pdfcprot Info: I didn't find cmssbxnOT1.cpa.
(pdfcprot)              As a fallback I will try pplmnOT1.cpa. on input line 13
6.
Package pdfcprot Info: File pplmnOT1.cpa{} used for the adjustment
(pdfcprot)             of the char protruding. It seems that it isn't the one
(pdfcprot)             you intended to use. on input line 136.
Package pdfcprot Info: I didn't find pplxmnOT1.cpa.
(pdfcprot)              As a fallback I will try pplmnOT1.cpa. on input line 13
6.
Package pdfcprot Info: File pplmnOT1.cpa{} used for the adjustment
(pdfcprot)             of the char protruding. It seems that it isn't the one
(pdfcprot)             you intended to use. on input line 136.
Package pdfcprot Info: I didn't find pplxmnOT1.cpa.
(pdfcprot)              As a fallback I will try pplmnOT1.cpa. on input line 13
6.
Package pdfcprot Info: File pplmnOT1.cpa{} used for the adjustment
(pdfcprot)             of the char protruding. It seems that it isn't the one
(pdfcprot)             you intended to use. on input line 136.
Package pdfcprot Info: I didn't find pplxmnOT1.cpa.
(pdfcprot)              As a fallback I will try pplmnOT1.cpa. on input line 13
6.
Package pdfcprot Info: File pplmnOT1.cpa{} used for the adjustment
(pdfcprot)             of the char protruding. It seems that it isn't the one
(pdfcprot)             you intended to use. on input line 136.
Package pdfcprot Info: I didn't find pplxmnOT1.cpa.
(pdfcprot)              As a fallback I will try pplmnOT1.cpa. on input line 13
6.
Package pdfcprot Info: File pplmnOT1.cpa{} used for the adjustment
(pdfcprot)             of the char protruding. It seems that it isn't the one
(pdfcprot)             you intended to use. on input line 136.
Package pdfcprot Info: I didn't find pplxmitOT1.cpa.
(pdfcprot)              As a fallback I will try pplmnOT1.cpa. on input line 13
6.
Package pdfcprot Info: File pplmnOT1.cpa{} used for the adjustment
(pdfcprot)             of the char protruding. It seems that it isn't the one
(pdfcprot)             you intended to use. on input line 136.
Package pdfcprot Info: I didn't find pplxmitOT1.cpa.
(pdfcprot)              As a fallback I will try pplmnOT1.cpa. on input line 13
6.
Package pdfcprot Info: File pplmnOT1.cpa{} used for the adjustment
(pdfcprot)             of the char protruding. It seems that it isn't the one
(pdfcprot)             you intended to use. on input line 136.
Package pdfcprot Info: I didn't find pplxmitOT1.cpa.
(pdfcprot)              As a fallback I will try pplmnOT1.cpa. on input line 13
6.
Package pdfcprot Info: File pplmnOT1.cpa{} used for the adjustment
(pdfcprot)             of the char protruding. It seems that it isn't the one
(pdfcprot)             you intended to use. on input line 136.
Package pdfcprot Info: I didn't find pplxmitOT1.cpa.
(pdfcprot)              As a fallback I will try pplmnOT1.cpa. on input line 13
6.
Package pdfcprot Info: File pplmnOT1.cpa{} used for the adjustment
(pdfcprot)             of the char protruding. It seems that it isn't the one
(pdfcprot)             you intended to use. on input line 136.
Package pdfcprot Info: I didn't find cmssmnOT1.cpa.
(pdfcprot)              As a fallback I will try pplmnOT1.cpa. on input line 13
6.
Package pdfcprot Info: File pplmnOT1.cpa{} used for the adjustment
(pdfcprot)             of the char protruding. It seems that it isn't the one
(pdfcprot)             you intended to use. on input line 136.
Package pdfcprot Info: I didn't find cmssmnOT1.cpa.
(pdfcprot)              As a fallback I will try pplmnOT1.cpa. on input line 13
6.
Package pdfcprot Info: File pplmnOT1.cpa{} used for the adjustment
(pdfcprot)             of the char protruding. It seems that it isn't the one
(pdfcprot)             you intended to use. on input line 136.
Package pdfcprot Info: I didn't find cmssmnOT1.cpa.
(pdfcprot)              As a fallback I will try pplmnOT1.cpa. on input line 13
6.
Package pdfcprot Info: File pplmnOT1.cpa{} used for the adjustment
(pdfcprot)             of the char protruding. It seems that it isn't the one
(pdfcprot)             you intended to use. on input line 136.
Package pdfcprot Info: I didn't find cmssmnOT1.cpa.
(pdfcprot)              As a fallback I will try pplmnOT1.cpa. on input line 13
6.
Package pdfcprot Info: File pplmnOT1.cpa{} used for the adjustment
(pdfcprot)             of the char protruding. It seems that it isn't the one
(pdfcprot)             you intended to use. on input line 136.


LaTeX Font Warning: Font shape `OT1/cmss/m/it' in size <9> not available
(Font)              Font shape `OT1/cmss/m/sl' tried instead on input line 136.



LaTeX Font Warning: Font shape `OT1/cmss/m/it' in size <12> not available
(Font)              Font shape `OT1/cmss/m/sl' tried instead on input line 136.


Package pdfcprot Info: I didn't find cmssmitOT1.cpa.
(pdfcprot)              As a fallback I will try pplmnOT1.cpa. on input line 13
6.
Package pdfcprot Info: File pplmnOT1.cpa{} used for the adjustment
(pdfcprot)             of the char protruding. It seems that it isn't the one
(pdfcprot)             you intended to use. on input line 136.

LaTeX Font Warning: Font shape `OT1/cmss/m/it' in size <10.95> not available
(Font)              Font shape `OT1/cmss/m/sl' tried instead on input line 136.


Package pdfcprot Info: I didn't find cmssmitOT1.cpa.
(pdfcprot)              As a fallback I will try pplmnOT1.cpa. on input line 13
6.
Package pdfcprot Info: File pplmnOT1.cpa{} used for the adjustment
(pdfcprot)             of the char protruding. It seems that it isn't the one
(pdfcprot)             you intended to use. on input line 136.

LaTeX Font Warning: Font shape `OT1/cmss/m/it' in size <10> not available
(Font)              Font shape `OT1/cmss/m/sl' tried instead on input line 136.


Package pdfcprot Info: I didn't find cmssmitOT1.cpa.
(pdfcprot)              As a fallback I will try pplmnOT1.cpa. on input line 13
6.
Package pdfcprot Info: File pplmnOT1.cpa{} used for the adjustment
(pdfcprot)             of the char protruding. It seems that it isn't the one
(pdfcprot)             you intended to use. on input line 136.
Package pdfcprot Info: I didn't find cmssmitOT1.cpa.
(pdfcprot)              As a fallback I will try pplmnOT1.cpa. on input line 13
6.
Package pdfcprot Info: File pplmnOT1.cpa{} used for the adjustment
(pdfcprot)             of the char protruding. It seems that it isn't the one
(pdfcprot)             you intended to use. on input line 136.
Package pdfcprot Info: I didn't find cmssmslOT1.cpa.
(pdfcprot)              As a fallback I will try pplmnOT1.cpa. on input line 13
6.
Package pdfcprot Info: File pplmnOT1.cpa{} used for the adjustment
(pdfcprot)             of the char protruding. It seems that it isn't the one
(pdfcprot)             you intended to use. on input line 136.
Package pdfcprot Info: I didn't find cmssmslOT1.cpa.
(pdfcprot)              As a fallback I will try pplmnOT1.cpa. on input line 13
6.
Package pdfcprot Info: File pplmnOT1.cpa{} used for the adjustment
(pdfcprot)             of the char protruding. It seems that it isn't the one
(pdfcprot)             you intended to use. on input line 136.
Package pdfcprot Info: I didn't find cmssmslOT1.cpa.
(pdfcprot)              As a fallback I will try pplmnOT1.cpa. on input line 13
6.
Package pdfcprot Info: File pplmnOT1.cpa{} used for the adjustment
(pdfcprot)             of the char protruding. It seems that it isn't the one
(pdfcprot)             you intended to use. on input line 136.
Package pdfcprot Info: I didn't find cmssmslOT1.cpa.
(pdfcprot)              As a fallback I will try pplmnOT1.cpa. on input line 13
6.
Package pdfcprot Info: File pplmnOT1.cpa{} used for the adjustment
(pdfcprot)             of the char protruding. It seems that it isn't the one
(pdfcprot)             you intended to use. on input line 136.
Package hyperref Info: Link coloring ON on input line 136.
(/usr/local/texlive/2015/texmf-dist/tex/latex/hyperref/nameref.sty
Package: nameref 2012/10/27 v2.43 Cross-referencing by name of section

(/usr/local/texlive/2015/texmf-dist/tex/generic/oberdiek/gettitlestring.sty
Package: gettitlestring 2010/12/03 v1.4 Cleanup title references (HO)
)
\c@section@level=\count308
LaTeX Info: Redefining \Ref on input line 513.
)
Redoing nameref's sectioning
Redoing nameref's label
LaTeX Info: Redefining \nameref on input line 136.
LaTeX Info: Redefining \ref on input line 136.
LaTeX Info: Redefining \pageref on input line 136.
LaTeX Info: Redefining \nameref on input line 136.
(./thesis.out) (./thesis.out)
\@outlinefile=\write5
\openout5 = `thesis.out'.

LaTeX Info: Redefining \Ref on input line 136.
 <ETHlogo.pdf, id=225, 179.67125pt x 45.16875pt>
File: ETHlogo.pdf Graphic file (type pdf)

<use ETHlogo.pdf>
Package pdftex.def Info: ETHlogo.pdf used on input line 143.
(pdftex.def)             Requested size: 179.67079pt x 45.16862pt.
 [1


{/usr/local/texlive/2015/texmf-var/fonts/map/pdftex/updmap/pdftex.map} <./ETHlo
go.pdf>] [2

] (./thesis.toc
LaTeX Font Info:    Try loading font information for OML+zplm on input line 3.

(/usr/local/texlive/2015/texmf-dist/tex/latex/psnfss/omlzplm.fd
File: omlzplm.fd 2002/09/08 Fontinst v1.914 font definitions for OML/zplm.
)
LaTeX Font Info:    Try loading font information for OMS+zplm on input line 3.

(/usr/local/texlive/2015/texmf-dist/tex/latex/psnfss/omszplm.fd
File: omszplm.fd 2002/09/08 Fontinst v1.914 font definitions for OMS/zplm.
)
LaTeX Font Info:    Try loading font information for OMX+zplm on input line 3.

(/usr/local/texlive/2015/texmf-dist/tex/latex/psnfss/omxzplm.fd
File: omxzplm.fd 2002/09/08 Fontinst v1.914 font definitions for OMX/zplm.
)
LaTeX Font Info:    Try loading font information for OT1+zplm on input line 3.

(/usr/local/texlive/2015/texmf-dist/tex/latex/psnfss/ot1zplm.fd
File: ot1zplm.fd 2002/09/08 Fontinst v1.914 font definitions for OT1/zplm.
)
LaTeX Font Info:    Font shape `U/msa/m/n' will be
(Font)              scaled to size 11.40997pt on input line 3.
LaTeX Font Info:    Font shape `U/msa/m/n' will be
(Font)              scaled to size 8.33606pt on input line 3.
LaTeX Font Info:    Font shape `U/msa/m/n' will be
(Font)              scaled to size 6.25204pt on input line 3.
LaTeX Font Info:    Font shape `U/msb/m/n' will be
(Font)              scaled to size 11.40997pt on input line 3.
LaTeX Font Info:    Font shape `U/msb/m/n' will be
(Font)              scaled to size 8.33606pt on input line 3.
LaTeX Font Info:    Font shape `U/msb/m/n' will be
(Font)              scaled to size 6.25204pt on input line 3.
LaTeX Font Info:    Try loading font information for U+rsfs on input line 3.

(/usr/local/texlive/2015/texmf-dist/tex/latex/jknapltx/ursfs.fd
File: ursfs.fd 1998/03/24 rsfs font definition file (jk)
)
LaTeX Font Info:    Try loading font information for U+esvect on input line 3.

(/usr/local/texlive/2015/texmf-dist/tex/latex/esvect/uesvect.fd
File: uesvect.fd 
)pdfTeX warning (ext4): destination with the same identifier (name{page.i}) has
 been already used, duplicate ignored
<to be read again> 
                   \relax 
l.33 ...ion of Sub-Features}{29}{subsection.4.2.3}
                                                   [1

])pdfTeX warning (ext4): destination with the same identifier (name{page.ii}) h
as been already used, duplicate ignored
<to be read again> 
                   \relax 
l.153 
       [2] (./abstract.tex) (./introduction.tex [1

] [2

]) (./related_work.tex
[3] [4

]) (./model.tex [5] [6

]
LaTeX Font Info:    Font shape `OT1/pplx/bx/n' in size <14.4> not available
(Font)              Font shape `OT1/pplx/b/n' tried instead on input line 13.

<./images/model_building_blocks.png, id=329, 719.68875pt x 489.83pt>
File: ./images/model_building_blocks.png Graphic file (type png)

<use ./images/model_building_blocks.png>
Package pdftex.def Info: ./images/model_building_blocks.png used on input line 
26.
(pdftex.def)             Requested size: 369.0pt x 251.15535pt.
LaTeX Font Info:    Try loading font information for OMS+pplx on input line 37.

LaTeX Font Info:    No file OMSpplx.fd. on input line 37.


LaTeX Font Warning: Font shape `OMS/pplx/m/n' undefined
(Font)              using `OMS/cmsy/m/n' instead
(Font)              for symbol `textbullet' on input line 37.

[7] [8 <./images/model_building_blocks.png>] [9]
<./images/categorize_sub.png, id=359, 669.50125pt x 388.45125pt>
File: ./images/categorize_sub.png Graphic file (type png)

<use ./images/categorize_sub.png>
Package pdftex.def Info: ./images/categorize_sub.png used on input line 115.
(pdftex.def)             Requested size: 369.0pt x 214.10524pt.
 [10] [11 <./images/categorize_sub.png>]
[12] [13] [14] [15]

LaTeX Warning: Reference `fig:scenatio11' on page 16 undefined on input line 28
8.

[16]
Overfull \hbox (38.35649pt too wide) in paragraph at lines 294--306
 [][] 
 []

<./images/weight_1_1.pdf, id=426, 385.2173pt x 295.85794pt>
File: ./images/weight_1_1.pdf Graphic file (type pdf)

<use ./images/weight_1_1.pdf>
Package pdftex.def Info: ./images/weight_1_1.pdf used on input line 317.
(pdftex.def)             Requested size: 369.0pt x 283.41997pt.

<./images/cost_1_1.pdf, id=427, 385.2173pt x 295.85794pt>
File: ./images/cost_1_1.pdf Graphic file (type pdf)

<use ./images/cost_1_1.pdf>
Package pdftex.def Info: ./images/cost_1_1.pdf used on input line 323.
(pdftex.def)             Requested size: 369.0pt x 283.41997pt.

Underfull \vbox (badness 10000) has occurred while \output is active []

 [17 <./images/weight_1_1.pdf>]
Overfull \hbox (38.35649pt too wide) in paragraph at lines 340--352
 [][] 
 []


LaTeX Warning: `!h' float specifier changed to `!ht'.

<./images/weight_3.pdf, id=484, 385.2173pt x 295.85794pt>
File: ./images/weight_3.pdf Graphic file (type pdf)

<use ./images/weight_3.pdf>
Package pdftex.def Info: ./images/weight_3.pdf used on input line 364.
(pdftex.def)             Requested size: 369.0pt x 283.41997pt.

<./images/cost_3.pdf, id=485, 375.63463pt x 295.85794pt>
File: ./images/cost_3.pdf Graphic file (type pdf)

<use ./images/cost_3.pdf>
Package pdftex.def Info: ./images/cost_3.pdf used on input line 370.
(pdftex.def)             Requested size: 369.0pt x 290.63853pt.
 [18 <./images/cost_1_1.pdf>] [19 <./images/weight_3.pdf>]
Overfull \hbox (38.35649pt too wide) in paragraph at lines 384--396
 [][] 
 []


LaTeX Warning: Reference `fig:scenatio4' on page 20 undefined on input line 399
.


Underfull \vbox (badness 10000) has occurred while \output is active []

 [20 <./images/cost_3.pdf>] <./images/weight_4.pdf, id=647, 385.2173pt x 295.85
794pt>
File: ./images/weight_4.pdf Graphic file (type pdf)

<use ./images/weight_4.pdf>
Package pdftex.def Info: ./images/weight_4.pdf used on input line 411.
(pdftex.def)             Requested size: 369.0pt x 283.41997pt.

<./images/cost_4.pdf, id=648, 375.63463pt x 295.85794pt>
File: ./images/cost_4.pdf Graphic file (type pdf)

<use ./images/cost_4.pdf>
Package pdftex.def Info: ./images/cost_4.pdf used on input line 417.
(pdftex.def)             Requested size: 369.0pt x 290.63853pt.

Underfull \vbox (badness 10000) has occurred while \output is active []

 [21 <./images/weight_4.pdf>]) (./experiment_methodology.tex [22 <./images/cost
_4.pdf>]
LaTeX Font Info:    Font shape `U/msa/m/n' will be
(Font)              scaled to size 9.37807pt on input line 9.
LaTeX Font Info:    Font shape `U/msa/m/n' will be
(Font)              scaled to size 7.29405pt on input line 9.
LaTeX Font Info:    Font shape `U/msa/m/n' will be
(Font)              scaled to size 5.21004pt on input line 9.
LaTeX Font Info:    Font shape `U/msb/m/n' will be
(Font)              scaled to size 9.37807pt on input line 9.
LaTeX Font Info:    Font shape `U/msb/m/n' will be
(Font)              scaled to size 7.29405pt on input line 9.
LaTeX Font Info:    Font shape `U/msb/m/n' will be
(Font)              scaled to size 5.21004pt on input line 9.


LaTeX Warning: Reference `all_features' on page 23 undefined on input line 10.

<./images/all_features.png, id=755, 379.6584pt x 310.2792pt>
File: ./images/all_features.png Graphic file (type png)

<use ./images/all_features.png>
Package pdftex.def Info: ./images/all_features.png used on input line 14.
(pdftex.def)             Requested size: 369.0pt x 301.567pt.
 [23

]
<./images/pre_se.pdf, id=763, 562.1pt x 421.575pt>
File: ./images/pre_se.pdf Graphic file (type pdf)
 <use ./images/pre_se.pdf>
Package pdftex.def Info: ./images/pre_se.pdf used on input line 29.
(pdftex.def)             Requested size: 369.0pt x 276.74796pt.

<./images/pre_st.pdf, id=764, 562.1pt x 421.575pt>
File: ./images/pre_st.pdf Graphic file (type pdf)
 <use ./images/pre_st.pdf>
Package pdftex.def Info: ./images/pre_st.pdf used on input line 36.
(pdftex.def)             Requested size: 344.4072pt x 258.30539pt.

<./images/pre_co.pdf, id=765, 562.1pt x 421.575pt>
File: ./images/pre_co.pdf Graphic file (type pdf)
 <use ./images/pre_co.pdf>
Package pdftex.def Info: ./images/pre_co.pdf used on input line 43.
(pdftex.def)             Requested size: 369.0pt x 276.74796pt.

[24 <./images/all_features.png>] [25 <./images/pre_se.pdf>] [26 <./images/pre_s
t.pdf>] [27 <./images/pre_co.pdf>]
<./images/ui_1_3.jpg, id=815, 722.7pt x 1612.0225pt>
File: ./images/ui_1_3.jpg Graphic file (type jpg)
 <use ./images/ui_1_3.jpg>
Package pdftex.def Info: ./images/ui_1_3.jpg used on input line 120.
(pdftex.def)             Requested size: 166.04106pt x 295.19402pt.

<./images/ui_2_3.jpg, id=816, 722.7pt x 1420.30624pt>
File: ./images/ui_2_3.jpg Graphic file (type jpg)

<use ./images/ui_2_3.jpg>
Package pdftex.def Info: ./images/ui_2_3.jpg used on input line 121.
(pdftex.def)             Requested size: 166.04106pt x 295.19568pt.


LaTeX Warning: Reference `fig:ui3' on page 28 undefined on input line 126.

<./images/cat_features.png, id=819, 722.7pt x 1284.8pt>
File: ./images/cat_features.png Graphic file (type png)

<use ./images/cat_features.png>
Package pdftex.def Info: ./images/cat_features.png used on input line 139.
(pdftex.def)             Requested size: 147.59206pt x 284.5193pt.

<./images/ui_checkboxes.png, id=820, 722.7pt x 1284.8pt>
File: ./images/ui_checkboxes.png Graphic file (type png)

<use ./images/ui_checkboxes.png>
Package pdftex.def Info: ./images/ui_checkboxes.png used on input line 140.
(pdftex.def)             Requested size: 147.59206pt x 284.5193pt.
 [28]
<./images/cat_sensors.jpg, id=837, 722.7pt x 1558.82375pt>
File: ./images/cat_sensors.jpg Graphic file (type jpg)

<use ./images/cat_sensors.jpg>
Package pdftex.def Info: ./images/cat_sensors.jpg used on input line 157.
(pdftex.def)             Requested size: 147.59206pt x 284.5246pt.

<./images/cat_stakeholders.jpg, id=838, 722.7pt x 1597.97pt>
File: ./images/cat_stakeholders.jpg Graphic file (type jpg)

<use ./images/cat_stakeholders.jpg>
Package pdftex.def Info: ./images/cat_stakeholders.jpg used on input line 158.
(pdftex.def)             Requested size: 147.59206pt x 284.52554pt.

<./images/cat_contexts.jpg, id=839, 722.7pt x 1558.82375pt>
File: ./images/cat_contexts.jpg Graphic file (type jpg)

<use ./images/cat_contexts.jpg>
Package pdftex.def Info: ./images/cat_contexts.jpg used on input line 165.
(pdftex.def)             Requested size: 147.59206pt x 284.5246pt.
 [29 <./images/ui_1_3.jpg> <./images/ui_2_3.jpg>]
Overfull \hbox (9.8803pt too wide) in paragraph at lines 178--180
\OT1/pplx/m/n/10.95 After the cat-e-go-riza-tion ques-tions are an-swered and u
ser an-swers are recorded,
 []

[30 <./images/cat_features.png> <./images/ui_checkboxes.png>]
<./images/first_day_1.png, id=859, 722.7pt x 1284.8pt>
File: ./images/first_day_1.png Graphic file (type png)

<use ./images/first_day_1.png>
Package pdftex.def Info: ./images/first_day_1.png used on input line 184.
(pdftex.def)             Requested size: 184.5pt x 328.00195pt.

<./images/first_day_2.png, id=860, 722.7pt x 1284.8pt>
File: ./images/first_day_2.png Graphic file (type png)

<use ./images/first_day_2.png>
Package pdftex.def Info: ./images/first_day_2.png used on input line 185.
(pdftex.def)             Requested size: 184.5pt x 328.00195pt.

Overfull \hbox (35.26994pt too wide) in paragraph at lines 184--186
[][]  [][] 
 []

<./images/improve_layout.png, id=861, 722.7pt x 1284.8pt>
File: ./images/improve_layout.png Graphic file (type png)

<use ./images/improve_layout.png>
Package pdftex.def Info: ./images/improve_layout.png used on input line 203.
(pdftex.def)             Requested size: 166.04887pt x 295.18411pt.

<./images/improve.png, id=862, 722.7pt x 1284.8pt>
File: ./images/improve.png Graphic file (type png)
 <use ./images/improve.png>
Package pdftex.def Info: ./images/improve.png used on input line 204.
(pdftex.def)             Requested size: 166.04887pt x 295.18411pt.


LaTeX Warning: Reference `imp' on page 31 undefined on input line 209.


Class memoir Warning: The \it font command is deprecated. 
(memoir)              Use \textit{...} or {\itshape... } instead on input line 
210.


LaTeX Warning: Reference `fig:fds_user_register' on page 31 undefined on input 
line 210.

[31 <./images/cat_sensors.jpg> <./images/cat_stakeholders.jpg>]

LaTeX Warning: Reference `fig:fds_user_register' on page 32 undefined on input 
line 219.

<./images/fds.png, id=871, 1268.74pt x 667.49374pt>
File: ./images/fds.png Graphic file (type png)
 <use ./images/fds.png>
Package pdftex.def Info: ./images/fds.png used on input line 232.
(pdftex.def)             Requested size: 369.0pt x 194.1284pt.

<./images/fds_user_register.png, id=872, 1263.72125pt x 713.66624pt>
File: ./images/fds_user_register.png Graphic file (type png)

<use ./images/fds_user_register.png>
Package pdftex.def Info: ./images/fds_user_register.png used on input line 239.

(pdftex.def)             Requested size: 369.0pt x 208.38445pt.
 [32 <./images/cat_contexts.jpg>]

LaTeX Warning: Reference `imp' on page 33 undefined on input line 246.


Underfull \vbox (badness 10000) has occurred while \output is active []

 [33 <./images/first_day_1.png> <./images/first_day_2.png>]

LaTeX Warning: Text page 34 contains only floats.


Overfull \vbox (4.71223pt too high) has occurred while \output is active []


[34 <./images/improve_layout.png> <./images/improve.png> <./images/fds.png>]
<./images/bid_layout_1.png, id=897, 722.7pt x 1284.8pt>
File: ./images/bid_layout_1.png Graphic file (type png)

<use ./images/bid_layout_1.png>
Package pdftex.def Info: ./images/bid_layout_1.png used on input line 256.
(pdftex.def)             Requested size: 147.59775pt x 262.38588pt.

<./images/bid_layout_2.png, id=898, 722.7pt x 1284.8pt>
File: ./images/bid_layout_2.png Graphic file (type png)

<use ./images/bid_layout_2.png>
Package pdftex.def Info: ./images/bid_layout_2.png used on input line 257.
(pdftex.def)             Requested size: 147.59775pt x 262.38588pt.

Overfull \hbox (0.70428pt too wide) in paragraph at lines 263--264
\OT1/pplx/m/n/10.95 swered, the num-ber of ques-tions an-swered is re-set and t
he num-ber of rounds
 []


Underfull \vbox (badness 10000) has occurred while \output is active []

 [35 <./images/fds_user_register.png>]
Underfull \vbox (badness 1383) has occurred while \output is active []

 [36 <./images/bid_layout_1.png> <./images/bid_layout_2.png>]
<./images/bid_layout_3.png, id=920, 722.7pt x 1284.8pt>
File: ./images/bid_layout_3.png Graphic file (type png)

<use ./images/bid_layout_3.png>
Package pdftex.def Info: ./images/bid_layout_3.png used on input line 288.
(pdftex.def)             Requested size: 147.59775pt x 262.38588pt.

<./images/bid_layout_5.png, id=921, 722.7pt x 1284.8pt>
File: ./images/bid_layout_5.png Graphic file (type png)

<use ./images/bid_layout_5.png>
Package pdftex.def Info: ./images/bid_layout_5.png used on input line 289.
(pdftex.def)             Requested size: 147.59775pt x 262.38588pt.
 [37] [38 <./images/bid_layout_3.png> <./images/bid_layout_5.png>]
<./images/fds_user_login.png, id=949, 1270.7475pt x 716.6775pt>
File: ./images/fds_user_login.png Graphic file (type png)

<use ./images/fds_user_login.png>
Package pdftex.def Info: ./images/fds_user_login.png used on input line 343.
(pdftex.def)             Requested size: 147.59775pt x 83.2418pt.

<./images/fds_user_welcome.png, id=950, 833.1125pt x 258.9675pt>
File: ./images/fds_user_welcome.png Graphic file (type png)

<use ./images/fds_user_welcome.png>
Package pdftex.def Info: ./images/fds_user_welcome.png used on input line 344.
(pdftex.def)             Requested size: 147.59775pt x 45.87715pt.

<./images/fds_user_gps_full.png, id=952, 1256.695pt x 730.73pt>
File: ./images/fds_user_gps_full.png Graphic file (type png)

<use ./images/fds_user_gps_full.png>
Package pdftex.def Info: ./images/fds_user_gps_full.png used on input line 351.

(pdftex.def)             Requested size: 147.59775pt x 85.82176pt.

<./images/fds_user_light_full.png, id=953, 1246.6575pt x 728.7225pt>
File: ./images/fds_user_light_full.png Graphic file (type png)

<use ./images/fds_user_light_full.png>
Package pdftex.def Info: ./images/fds_user_light_full.png used on input line 35
2.
(pdftex.def)             Requested size: 147.59775pt x 86.27539pt.

<./images/fds_user_acc_full.png, id=954, 1264.725pt x 728.7225pt>
File: ./images/fds_user_acc_full.png Graphic file (type png)

<use ./images/fds_user_acc_full.png>
Package pdftex.def Info: ./images/fds_user_acc_full.png used on input line 358.

(pdftex.def)             Requested size: 147.59775pt x 85.04114pt.

<./images/fds_user_noise_full.png, id=955, 1221.56375pt x 727.71875pt>
File: ./images/fds_user_noise_full.png Graphic file (type png)

<use ./images/fds_user_noise_full.png>
Package pdftex.def Info: ./images/fds_user_noise_full.png used on input line 35
9.
(pdftex.def)             Requested size: 147.59775pt x 87.92209pt.
 [39] [40 <./images/fds_user_login.png> <./images/fds_user_welcome.png> <./imag
es/fds_user_gps_full.png> <./images/fds_user_light_full.png> <./images/fds_user
_acc_full.png> <./images/fds_user_noise_full.png>] <./images/fds_dc_register.pn
g, id=1004, 1274.7625pt x 722.7pt>
File: ./images/fds_dc_register.png Graphic file (type png)

<use ./images/fds_dc_register.png>
Package pdftex.def Info: ./images/fds_dc_register.png used on input line 401.
(pdftex.def)             Requested size: 147.59775pt x 83.67667pt.

<./images/fds_dc_login.png, id=1005, 1269.74374pt x 715.67375pt>
File: ./images/fds_dc_login.png Graphic file (type png)

<use ./images/fds_dc_login.png>
Package pdftex.def Info: ./images/fds_dc_login.png used on input line 402.
(pdftex.def)             Requested size: 147.59775pt x 83.19075pt.

<./images/fds_dc_welcome.png, id=1006, 1284.8pt x 726.715pt>
File: ./images/fds_dc_welcome.png Graphic file (type png)

<use ./images/fds_dc_welcome.png>
Package pdftex.def Info: ./images/fds_dc_welcome.png used on input line 409.
(pdftex.def)             Requested size: 369.0pt x 208.7127pt.
) (./mobile_application.tex [41 <./images/fds_dc_register.png> <./images/fds_dc
_login.png>] [42 <./images/fds_dc_welcome.png>] <./images/blocks_app.png, id=10
29, 1284.8pt x 641.39626pt>
File: ./images/blocks_app.png Graphic file (type png)

<use ./images/blocks_app.png>
Package pdftex.def Info: ./images/blocks_app.png used on input line 14.
(pdftex.def)             Requested size: 369.0pt x 184.20914pt.

Overfull \hbox (1.20795pt too wide) in paragraph at lines 21--23
\OT1/pplx/m/n/10.95 The mo-bile ap-pli-ca-tion was de-vel-oped for the An-droid
 plat-form with phones
 []

[43

]
Underfull \hbox (badness 10000) in paragraph at lines 25--25
[][] [][][][][]$\OT1/cmtt/m/n/9 https : / / developer . android . com / referen
ce / android / database / sqlite /
 []

<./images/db_quest.png, id=1041, 173.64874pt x 165.61874pt>
File: ./images/db_quest.png Graphic file (type png)

<use ./images/db_quest.png>
Package pdftex.def Info: ./images/db_quest.png used on input line 31.
(pdftex.def)             Requested size: 147.59775pt x 140.77658pt.

Underfull \hbox (badness 10000) in paragraph at lines 31--31
[]\OT1/pplx/m/n/9 (a) |Ta-ble Schema of
 []

<./images/db_which_1.png, id=1042, 173.64874pt x 165.61874pt>
File: ./images/db_which_1.png Graphic file (type png)

<use ./images/db_which_1.png>
Package pdftex.def Info: ./images/db_which_1.png used on input line 32.
(pdftex.def)             Requested size: 147.59775pt x 140.77658pt.

<./images/db_ans.png, id=1045, 188.705pt x 162.6075pt>
File: ./images/db_ans.png Graphic file (type png)

<use ./images/db_ans.png>
Package pdftex.def Info: ./images/db_ans.png used on input line 46.
(pdftex.def)             Requested size: 147.59775pt x 127.18567pt.

<./images/db_points.png, id=1046, 388.45125pt x 332.24126pt>
File: ./images/db_points.png Graphic file (type png)

<use ./images/db_points.png>
Package pdftex.def Info: ./images/db_points.png used on input line 47.
(pdftex.def)             Requested size: 147.59775pt x 126.24284pt.
 [44 <./images/blocks_app.png>]
<./images/db_ur.png, id=1060, 305.14pt x 301.125pt>
File: ./images/db_ur.png Graphic file (type png)
 <use ./images/db_ur.png>
Package pdftex.def Info: ./images/db_ur.png used on input line 60.
(pdftex.def)             Requested size: 147.59775pt x 145.65947pt.

[45 <./images/db_quest.png> <./images/db_which_1.png> <./images/db_ans.png> <./
images/db_points.png>] [46 <./images/db_ur.png>]
<./images/db_acc.png, id=1100, 376.40625pt x 331.2375pt>
File: ./images/db_acc.png Graphic file (type png)

<use ./images/db_acc.png>
Package pdftex.def Info: ./images/db_acc.png used on input line 100.
(pdftex.def)             Requested size: 147.59775pt x 129.8897pt.

Underfull \hbox (badness 10000) in paragraph at lines 100--100
[]\OT1/pplx/m/n/9 (a) |Ta-ble Schema of
 []

<./images/db_noise.png, id=1101, 370.38374pt x 325.215pt>
File: ./images/db_noise.png Graphic file (type png)

<use ./images/db_noise.png>
Package pdftex.def Info: ./images/db_noise.png used on input line 101.
(pdftex.def)             Requested size: 147.59775pt x 129.59738pt.

<./images/db_loc.png, id=1102, 368.37625pt x 317.185pt>
File: ./images/db_loc.png Graphic file (type png)

<use ./images/db_loc.png>
Package pdftex.def Info: ./images/db_loc.png used on input line 109.
(pdftex.def)             Requested size: 147.59775pt x 127.08469pt.

<./images/db_light.png, id=1103, 379.4175pt x 324.21124pt>
File: ./images/db_light.png Graphic file (type png)

<use ./images/db_light.png>
Package pdftex.def Info: ./images/db_light.png used on input line 110.
(pdftex.def)             Requested size: 147.59775pt x 126.12526pt.

Underfull \vbox (badness 10000) has occurred while \output is active []

 [47 <./images/db_acc.png> <./images/db_noise.png> <./images/db_loc.png> <./ima
ges/db_light.png>]
Overfull \hbox (1.37909pt too wide) in paragraph at lines 133--135
[]\OT1/pplx/m/n/10.95 Once the phone is switched off, all alarms are erased fro
m mem-ory [][][][][]. Alarms
 []

Package hyperref Info: bookmark level for unknown algorithm defaults to 0 on in
put line 137.
[48] [49]
Overfull \hbox (3.65936pt too wide) in paragraph at lines 204--205
[]\OT1/pplx/b/n/10.95 Improve Pri-vacy \OT1/pplx/m/n/10.95 - Ob-tain data re-qu
est from ta-ble \OT1/cmtt/m/n/10.95 STORE[]ANSWERS \OT1/pplx/m/n/10.95 where
 []

[50] [51] [52]
<./images/collection_ui_1.png, id=1193, 1024.82875pt x 541.02126pt>
File: ./images/collection_ui_1.png Graphic file (type png)

<use ./images/collection_ui_1.png>
Package pdftex.def Info: ./images/collection_ui_1.png used on input line 331.
(pdftex.def)             Requested size: 369.00061pt x 194.80052pt.

<./images/collection_ui_2.png, id=1194, 1049.9225pt x 564.1075pt>
File: ./images/collection_ui_2.png Graphic file (type png)

<use ./images/collection_ui_2.png>
Package pdftex.def Info: ./images/collection_ui_2.png used on input line 338.
(pdftex.def)             Requested size: 369.00032pt x 198.2583pt.
 [53 <./images/collection_ui_1.png>]
<./images/collection_feature_cat.png, id=1211, 599.23875pt x 544.0325pt>
File: ./images/collection_feature_cat.png Graphic file (type png)

<use ./images/collection_feature_cat.png>
Package pdftex.def Info: ./images/collection_feature_cat.png used on input line
 347.
(pdftex.def)             Requested size: 243.86989pt x 221.40282pt.

<./images/collection_sensors_cat.png, id=1212, 761.84625pt x 544.0325pt>
File: ./images/collection_sensors_cat.png Graphic file (type png)

<use ./images/collection_sensors_cat.png>
Package pdftex.def Info: ./images/collection_sensors_cat.png used on input line
 354.
(pdftex.def)             Requested size: 310.04564pt x 221.40282pt.

<./images/collection_dc_cat.png, id=1213, 721.69624pt x 544.0325pt>
File: ./images/collection_dc_cat.png Graphic file (type png)

<use ./images/collection_dc_cat.png>
Package pdftex.def Info: ./images/collection_dc_cat.png used on input line 361.

(pdftex.def)             Requested size: 293.70595pt x 221.40282pt.

<./images/collection_context_cat.png, id=1214, 816.04875pt x 542.025pt>
File: ./images/collection_context_cat.png Graphic file (type png)

<use ./images/collection_context_cat.png>
Package pdftex.def Info: ./images/collection_context_cat.png used on input line
 368.
(pdftex.def)             Requested size: 333.33696pt x 221.40462pt.

Underfull \vbox (badness 10000) has occurred while \output is active []

 [54 <./images/collection_ui_2.png> <./images/collection_feature_cat.png>]
<./images/collection_ur_1.png, id=1228, 1045.9075pt x 546.04pt>
File: ./images/collection_ur_1.png Graphic file (type png)

<use ./images/collection_ur_1.png>
Package pdftex.def Info: ./images/collection_ur_1.png used on input line 379.
(pdftex.def)             Requested size: 369.00961pt x 192.64993pt.

<./images/collection_ur_2.png, id=1229, 883.3pt x 545.03625pt>
File: ./images/collection_ur_2.png Graphic file (type png)

<use ./images/collection_ur_2.png>
Package pdftex.def Info: ./images/collection_ur_2.png used on input line 386.
(pdftex.def)             Requested size: 358.79932pt x 221.39548pt.

Overfull \hbox (1.12033pt too wide) in paragraph at lines 391--393
[]\OT1/pplx/m/n/10.95 The sen-sor data sent by the Job-Net-work-Ser-vice is sto
red in col-lec-tions named
 []

<./images/collection_loc.png, id=1234, 882.29625pt x 545.03625pt>
File: ./images/collection_loc.png Graphic file (type png)

<use ./images/collection_loc.png>
Package pdftex.def Info: ./images/collection_loc.png used on input line 396.
(pdftex.def)             Requested size: 358.39159pt x 221.39548pt.

<./images/collection_acc.png, id=1235, 1045.9075pt x 543.02875pt>
File: ./images/collection_acc.png Graphic file (type png)

<use ./images/collection_acc.png>
Package pdftex.def Info: ./images/collection_acc.png used on input line 403.
(pdftex.def)             Requested size: 369.00961pt x 191.58751pt.

<./images/collection_noise.png, id=1236, 974.64125pt x 543.02875pt>
File: ./images/collection_noise.png Graphic file (type png)

<use ./images/collection_noise.png>
Package pdftex.def Info: ./images/collection_noise.png used on input line 410.
(pdftex.def)             Requested size: 368.99931pt x 205.59074pt.

<./images/collection_light.png, id=1237, 672.5125pt x 517.935pt>
File: ./images/collection_light.png Graphic file (type png)

<use ./images/collection_light.png>
Package pdftex.def Info: ./images/collection_light.png used on input line 417.
(pdftex.def)             Requested size: 287.48155pt x 221.4037pt.
 [55 <./images/collection_sensors_cat.png> <./images/collection_dc_cat.png>]
<./images/collection_users.png, id=1251, 218.8175pt x 543.02875pt>
File: ./images/collection_users.png Graphic file (type png)

<use ./images/collection_users.png>
Package pdftex.def Info: ./images/collection_users.png used on input line 427.
(pdftex.def)             Requested size: 89.21492pt x 221.40033pt.

<./images/collection_score.png, id=1253, 853.1875pt x 508.90125pt>
File: ./images/collection_score.png Graphic file (type png)

<use ./images/collection_score.png>
Package pdftex.def Info: ./images/collection_score.png used on input line 436.
(pdftex.def)             Requested size: 369.01154pt x 220.10452pt.


LaTeX Warning: Reference `bl' on page 56 undefined on input line 442.


Underfull \vbox (badness 10000) has occurred while \output is active []

 [56 <./images/collection_context_cat.png> <./images/collection_ur_1.png>] [57 
<./images/collection_ur_2.png> <./images/collection_loc.png>] [58 <./images/col
lection_acc.png> <./images/collection_noise.png>]
Underfull \vbox (badness 1173) has occurred while \output is active []

 [59 <./images/collection_light.png> <./images/collection_users.png>]

LaTeX Warning: Reference `bl' on page 60 undefined on input line 483.

[60 <./images/collection_score.png>]) (./pre_survey_results.tex [61] [62

]
[63] <./images/pre_q6.pdf, id=1319, 562.1pt x 421.575pt>
File: ./images/pre_q6.pdf Graphic file (type pdf)

<use ./images/pre_q6.pdf>
Package pdftex.def Info: ./images/pre_q6.pdf used on input line 24.
(pdftex.def)             Requested size: 369.0pt x 276.74796pt.
 <./images/pre_q7.pdf, id=1320, 562.1pt x 421.575pt>
File: ./images/pre_q7.pdf Graphic file (type pdf)

<use ./images/pre_q7.pdf>
Package pdftex.def Info: ./images/pre_q7.pdf used on input line 31.
(pdftex.def)             Requested size: 369.0pt x 276.74796pt.

<./images/pre_q8101214.pdf, id=1321, 562.1pt x 421.575pt>
File: ./images/pre_q8101214.pdf Graphic file (type pdf)

<use ./images/pre_q8101214.pdf>
Package pdftex.def Info: ./images/pre_q8101214.pdf used on input line 38.
(pdftex.def)             Requested size: 369.0pt x 276.74796pt.


LaTeX Warning: `!h' float specifier changed to `!ht'.


Underfull \vbox (badness 10000) has occurred while \output is active []

 [64 <./images/pre_q6.pdf>] [65 <./images/pre_q7.pdf>] [66 <./images/pre_q81012
14.pdf>]
<./images/sensors_group_meanQ10.png, id=1347, 1124.2pt x 843.15pt>
File: ./images/sensors_group_meanQ10.png Graphic file (type png)

<use ./images/sensors_group_meanQ10.png>
Package pdftex.def Info: ./images/sensors_group_meanQ10.png used on input line 
116.
(pdftex.def)             Requested size: 202.95113pt x 152.21074pt.

<./images/sensors_group_varianceQ10.png, id=1348, 1124.2pt x 843.15pt>
File: ./images/sensors_group_varianceQ10.png Graphic file (type png)

<use ./images/sensors_group_varianceQ10.png>
Package pdftex.def Info: ./images/sensors_group_varianceQ10.png used on input l
ine 117.
(pdftex.def)             Requested size: 202.95113pt x 152.21074pt.

Overfull \hbox (36.90225pt too wide) in paragraph at lines 116--118
[][][][] 
 []

[67]
Overfull \hbox (61.34908pt too wide) in paragraph at lines 131--144
 [][] 
 []


LaTeX Warning: `!h' float specifier changed to `!ht'.


LaTeX Warning: `!h' float specifier changed to `!ht'.


LaTeX Warning: `!h' float specifier changed to `!ht'.

[68 <./images/sensors_group_meanQ10.png (PNG copy)> <./images/sensors_group_var
ianceQ10.png (PNG copy)>]
Overfull \hbox (52.58789pt too wide) in paragraph at lines 230--246
 [][] 
 []


LaTeX Warning: `!h' float specifier changed to `!ht'.

[69] [70]

LaTeX Warning: Reference `kw_stak' on page 71 undefined on input line 268.


Overfull \hbox (47.83678pt too wide) in paragraph at lines 274--287
 [][] 
 []


LaTeX Warning: `!h' float specifier changed to `!ht'.

File: ./images/sensors_group_meanQ10.png Graphic file (type png)
<use ./images/sensors_group_meanQ10.png>
Package pdftex.def Info: ./images/sensors_group_meanQ10.png used on input line 
341.
(pdftex.def)             Requested size: 202.95113pt x 152.21074pt.
File: ./images/sensors_group_varianceQ10.png Graphic file (type png)

<use ./images/sensors_group_varianceQ10.png>
Package pdftex.def Info: ./images/sensors_group_varianceQ10.png used on input l
ine 342.
(pdftex.def)             Requested size: 202.95113pt x 152.21074pt.

Overfull \hbox (36.90225pt too wide) in paragraph at lines 341--343
[][][][] 
 []


LaTeX Warning: `!h' float specifier changed to `!ht'.


Underfull \vbox (badness 10000) has occurred while \output is active []

 [71]
Overfull \hbox (121.53125pt too wide) in paragraph at lines 369--385
 [][] 
 []


LaTeX Warning: `!h' float specifier changed to `!ht'.

[72] [73]
Overfull \hbox (47.83678pt too wide) in paragraph at lines 411--424
 [][] 
 []


LaTeX Warning: `!h' float specifier changed to `!ht'.


LaTeX Warning: `!h' float specifier changed to `!ht'.


Overfull \hbox (15.42487pt too wide) in paragraph at lines 504--520
 [][] 
 []


LaTeX Warning: `!h' float specifier changed to `!ht'.


LaTeX Warning: `!h' float specifier changed to `!ht'.


Underfull \vbox (badness 10000) has occurred while \output is active []

 [74]
[75]) (./conclusion.tex [76] [77] [78

]) (./appendix.tex [79] [80

]) [81]
[82

] <declaration-originality.pdf, id=1470, 597.55246pt x 845.07718pt>
File: declaration-originality.pdf Graphic file (type pdf)

<use declaration-originality.pdf>
Package pdftex.def Info: declaration-originality.pdf used on input line 177.
(pdftex.def)             Requested size: 597.551pt x 845.07512pt.
File: declaration-originality.pdf Graphic file (type pdf)
 <use declaration-originality.pdf>
Package pdftex.def Info: declaration-originality.pdf used on input line 177.
(pdftex.def)             Requested size: 597.551pt x 845.07512pt.

<declaration-originality.pdf, id=1473, page=1, 597.55246pt x 845.07718pt>
File: declaration-originality.pdf Graphic file (type pdf)

<use declaration-originality.pdf, page 1>
Package pdftex.def Info: declaration-originality.pdf, page1 used on input line 
177.
(pdftex.def)             Requested size: 597.551pt x 845.07512pt.
File: declaration-originality.pdf Graphic file (type pdf)

<use declaration-originality.pdf, page 1>
Package pdftex.def Info: declaration-originality.pdf, page1 used on input line 
177.
(pdftex.def)             Requested size: 597.57834pt x 845.1138pt.
File: declaration-originality.pdf Graphic file (type pdf)

<use declaration-originality.pdf, page 1>
Package pdftex.def Info: declaration-originality.pdf, page1 used on input line 
177.
(pdftex.def)             Requested size: 597.57834pt x 845.1138pt.
File: declaration-originality.pdf Graphic file (type pdf)

<use declaration-originality.pdf, page 1>
Package pdftex.def Info: declaration-originality.pdf, page1 used on input line 
177.
(pdftex.def)             Requested size: 597.57834pt x 845.1138pt.
File: declaration-originality.pdf Graphic file (type pdf)

<use declaration-originality.pdf, page 1>
Package pdftex.def Info: declaration-originality.pdf, page1 used on input line 
177.
(pdftex.def)             Requested size: 597.57834pt x 845.1138pt.
 [83 <./declaration-originality.pdf>]
\tf@thm=\write6
\openout6 = `thesis.thm'.

\tf@toc=\write7
\openout7 = `thesis.toc'.

Package atveryend Info: Empty hook `BeforeClearDocument' on input line 179.
Package atveryend Info: Empty hook `AfterLastShipout' on input line 179.

(./thesis.aux)
Package atveryend Info: Executing hook `AtVeryEndDocument' on input line 179.
Package atveryend Info: Executing hook `AtEndAfterFileList' on input line 179.
Package rerunfilecheck Info: File `thesis.out' has not changed.
(rerunfilecheck)             Checksum: 76E03F68FD9C08ADC22AE90E72557FED;3891.


LaTeX Font Warning: Some font shapes were not available, defaults substituted.


LaTeX Warning: There were undefined references.


LaTeX Warning: There were multiply-defined labels.

 ) 
Here is how much of TeX's memory you used:
 19424 strings out of 493089
 296150 string characters out of 6134841
 474920 words of memory out of 5000000
 22020 multiletter control sequences out of 15000+600000
 50578 words of font info for 147 fonts, out of 8000000 for 9000
 1141 hyphenation exceptions out of 8191
 72i,18n,122p,1010b,531s stack positions out of 5000i,500n,10000p,200000b,80000s
{/usr/local/texlive/2015/texmf-dist/fonts/enc/dvips/base/8r.enc}</usr/local/t
exlive/2015/texmf-dist/fonts/type1/public/amsfonts/cm/cmmi10.pfb></usr/local/te
xlive/2015/texmf-dist/fonts/type1/public/amsfonts/cm/cmr10.pfb></usr/local/texl
ive/2015/texmf-dist/fonts/type1/public/amsfonts/cm/cmss10.pfb></usr/local/texli
ve/2015/texmf-dist/fonts/type1/public/amsfonts/cm/cmss12.pfb></usr/local/texliv
e/2015/texmf-dist/fonts/type1/public/amsfonts/cm/cmssbx10.pfb></usr/local/texli
ve/2015/texmf-dist/fonts/type1/public/amsfonts/cm/cmsy10.pfb></usr/local/texliv
e/2015/texmf-dist/fonts/type1/public/amsfonts/cm/cmtt10.pfb></usr/local/texlive
/2015/texmf-dist/fonts/type1/public/amsfonts/cm/cmtt9.pfb></usr/local/texlive/2
015/texmf-dist/fonts/type1/public/mathpazo/fplmr.pfb></usr/local/texlive/2015/t
exmf-dist/fonts/type1/public/fpl/fplrc8a.pfb></usr/local/texlive/2015/texmf-dis
t/fonts/type1/urw/palatino/uplb8a.pfb></usr/local/texlive/2015/texmf-dist/fonts
/type1/urw/palatino/uplr8a.pfb></usr/local/texlive/2015/texmf-dist/fonts/type1/
urw/palatino/uplri8a.pfb>
Output written on thesis.pdf (87 pages, 8184761 bytes).
PDF statistics:
 1650 PDF objects out of 1728 (max. 8388607)
 1173 compressed objects within 12 object streams
 405 named destinations out of 1000 (max. 500000)
 13089 words of extra memory for PDF output out of 14400 (max. 10000000)

